\BOOKMARK [0][-]{chapter.2}{\376\377\000I\000n\000t\000r\000o\000d\000u\000c\000t\000i\000o\000n}{}% 1
\BOOKMARK [0][-]{chapter.3}{\376\377\000N\000o\000n\000e\000q\000u\000i\000l\000i\000b\000r\000i\000u\000m\000\040\000m\000a\000n\000y\000-\000b\000o\000d\000y\000\040\000t\000h\000e\000o\000r\000y}{}% 2
\BOOKMARK [1][-]{section.4}{\376\377\000N\000o\000n\000e\000q\000u\000i\000l\000i\000b\000r\000u\000m\000\040\000G\000r\000e\000e\000n\000'\000s\000\040\000f\000u\000n\000c\000t\000i\000o\000n\000\040\000a\000p\000p\000r\000o\000a\000c\000h}{chapter.3}% 3
\BOOKMARK [2][-]{subsection.5}{\376\377\000C\000o\000n\000t\000o\000u\000r\000\040\000i\000d\000e\000a}{section.4}% 4
\BOOKMARK [2][-]{subsection.13}{\376\377\000C\000o\000n\000t\000u\000r\000-\000o\000r\000d\000e\000r\000e\000d\000\040\000G\000r\000e\000e\000n\000'\000s\000\040\000f\000u\000n\000c\000t\000i\000o\000n\000s\000\040\000a\000n\000d\000\040\000s\000e\000l\000f\000\040\000e\000n\000e\000r\000g\000y}{section.4}% 5
\BOOKMARK [1][-]{section.38}{\376\377\000H\000u\000b\000b\000a\000r\000d\000\040\000m\000o\000d\000e\000l}{chapter.3}% 6
\BOOKMARK [1][-]{section.49}{\376\377\000N\000o\000n\000e\000q\000u\000i\000l\000i\000b\000r\000i\000u\000m\000\040\000d\000y\000n\000a\000m\000i\000c\000a\000l\000\040\000m\000e\000a\000n\000-\000f\000i\000e\000l\000d\000\040\000t\000h\000e\000o\000r\000y}{chapter.3}% 7
\BOOKMARK [2][-]{subsection.50}{\376\377\000S\000e\000l\000f\000-\000c\000o\000n\000s\000i\000s\000t\000e\000n\000c\000y\000\040\000l\000o\000o\000p}{section.49}% 8
\BOOKMARK [2][-]{subsection.55}{\376\377\000E\000q\000u\000a\000l\000-\000t\000i\000m\000e\000\040\000o\000b\000s\000e\000r\000v\000a\000b\000l\000e\000s}{section.49}% 9
\BOOKMARK [2][-]{subsection.65}{\376\377\000S\000p\000e\000c\000t\000r\000a\000l\000\040\000f\000u\000n\000c\000t\000i\000o\000n\000\040\000a\000n\000d\000\040\000p\000h\000o\000t\000o\000e\000m\000i\000s\000s\000i\000o\000n\000\040\000s\000p\000e\000c\000t\000r\000u\000m}{section.49}% 10
\BOOKMARK [2][-]{subsection.71}{\376\377\000I\000m\000p\000u\000r\000i\000t\000y\000\040\000s\000o\000l\000v\000e\000r\000s}{section.49}% 11
\BOOKMARK [1][-]{section.91}{\376\377\000A\000p\000p\000e\000n\000d\000i\000x\000:\000\040\000P\000u\000m\000p\000-\000p\000r\000o\000b\000e\000\040\000s\000p\000e\000c\000t\000r\000o\000s\000c\000o\000p\000y}{chapter.3}% 12
\BOOKMARK [0][-]{chapter.93}{\376\377\000D\000y\000n\000a\000m\000i\000c\000a\000l\000\040\000r\000e\000p\000u\000l\000s\000i\000v\000e\000-\000t\000o\000-\000a\000t\000t\000r\000a\000c\000t\000i\000v\000e\000\040\000c\000o\000n\000v\000e\000r\000s\000i\000o\000n\000\040\000o\000f\000\040\000i\000n\000t\000e\000r\000a\000c\000t\000i\000o\000n\000s}{}% 13
\BOOKMARK [1][-]{section.94}{\376\377\000I\000n\000t\000r\000o\000d\000u\000c\000t\000i\000o\000n}{chapter.93}% 14
\BOOKMARK [1][-]{section.95}{\376\377\000P\000o\000p\000u\000l\000a\000t\000i\000o\000n\000\040\000i\000n\000v\000e\000r\000t\000i\000o\000n\000\040\000i\000n\000d\000u\000c\000e\000d\000\040\000b\000y\000\040\000a\000\040\000l\000i\000n\000e\000a\000r\000\040\000p\000o\000l\000a\000r\000i\000z\000e\000d\000\040\000p\000u\000l\000s\000e}{chapter.93}% 15
\BOOKMARK [1][-]{section.107}{\376\377\000P\000o\000p\000u\000l\000a\000t\000i\000o\000n\000\040\000i\000n\000v\000e\000r\000t\000i\000o\000n\000\040\000i\000n\000d\000u\000c\000e\000d\000\040\000b\000y\000\040\000a\000\040\000c\000i\000r\000c\000u\000l\000a\000r\000l\000y\000\040\000p\000o\000l\000a\000r\000i\000z\000e\000d\000\040\000p\000u\000l\000s\000e}{chapter.93}% 16
\BOOKMARK [2][-]{subsection.108}{\376\377\000M\000o\000n\000o\000c\000y\000c\000l\000e\000\040\000p\000u\000l\000s\000e\000\040\000c\000o\000n\000d\000i\000t\000i\000o\000n}{section.107}% 17
\BOOKMARK [2][-]{subsection.119}{\376\377\000B\000e\000y\000o\000n\000d\000\040\000o\000f\000\040\000m\000o\000n\000o\000c\000y\000c\000l\000e\000\040\000c\000o\000n\000d\000i\000t\000i\000o\000n}{section.107}% 18
\BOOKMARK [2][-]{subsection.123}{\376\377\000M\000u\000l\000t\000i\000c\000y\000c\000l\000e\000\040\000p\000u\000l\000s\000e}{section.107}% 19
\BOOKMARK [1][-]{section.127}{\376\377\000S\000u\000m\000m\000a\000r\000y}{chapter.93}% 20
\BOOKMARK [0][-]{chapter.128}{\376\377\000S\000t\000r\000o\000n\000g\000l\000y\000\040\000c\000o\000r\000r\000e\000l\000a\000t\000e\000d\000\040\000K\000r\000a\000m\000e\000r\000s\000-\000H\000e\000n\000n\000e\000b\000e\000r\000g\000e\000r\000\040\000s\000o\000l\000i\000d}{}% 21
\BOOKMARK [1][-]{section.129}{\376\377\000I\000n\000t\000r\000o\000d\000u\000c\000t\000i\000o\000n}{chapter.128}% 22
\BOOKMARK [1][-]{section.132}{\376\377\000K\000r\000a\000m\000e\000r\000s\000-\000H\000e\000n\000n\000e\000b\000e\000r\000g\000e\000r\000\040\000s\000o\000l\000i\000d}{chapter.128}% 23
\BOOKMARK [1][-]{section.138}{\376\377\000S\000u\000m\000m\000a\000r\000y}{chapter.128}% 24
\BOOKMARK [1][-]{section.139}{\376\377\000A\000p\000p\000e\000n\000d\000i\000x\000:\000\040\000B\000e\000y\000o\000n\000d\000-\000F\000l\000o\000q\000u\000e\000t\000\040\000p\000a\000r\000a\000m\000e\000t\000r\000i\000z\000a\000t\000i\000o\000n\000.}{chapter.128}% 25
\BOOKMARK [1][-]{section.142}{\376\377\000A\000p\000p\000e\000n\000d\000i\000x\000:\000\040\000B\000e\000n\000c\000h\000m\000a\000r\000k\000\040\000o\000f\000\040\000I\000P\000T\000\040\000r\000e\000s\000u\000l\000t\000s\000\040\000a\000n\000d\000\040\000e\000x\000a\000c\000t\000\040\000d\000i\000a\000g\000o\000n\000a\000l\000i\000z\000a\000t\000i\000o\000n}{chapter.128}% 26
\BOOKMARK [0][-]{chapter.145}{\376\377\000N\000o\000n\000e\000q\000u\000i\000l\000i\000b\000r\000i\000u\000m\000-\000i\000n\000d\000u\000c\000e\000d\000\040\000L\000i\000f\000s\000h\000i\000t\000z\000\040\000t\000r\000a\000n\000s\000i\000t\000i\000o\000n\000s}{}% 27
\BOOKMARK [1][-]{section.146}{\376\377\000I\000n\000t\000r\000o\000d\000u\000c\000t\000i\000o\000n}{chapter.145}% 28
\BOOKMARK [1][-]{section.151}{\376\377\000C\000a\000s\000e\000\040\000o\000f\000\040\000t\000h\000e\000\040\000N\000N\000-\000h\000o\000p\000p\000i\000n\000g}{chapter.145}% 29
\BOOKMARK [2][-]{subsection.152}{\376\377\000F\000S\000\040\000p\000a\000r\000a\000m\000e\000t\000e\000r\000s\000\040\000s\000e\000l\000e\000c\000t\000i\000o\000n}{section.151}% 30
\BOOKMARK [2][-]{subsection.166}{\376\377\000L\000i\000f\000s\000h\000i\000t\000z\000\040\000t\000r\000a\000n\000s\000i\000t\000i\000o\000n\000s\000\040\000\050\000N\000N\000\040\000-\000\040\000h\000o\000p\000p\000i\000n\000g\000\051}{section.151}% 31
\BOOKMARK [1][-]{section.170}{\376\377\000C\000a\000s\000e\000\040\000o\000f\000\040\000t\000h\000e\000\040\000N\000N\000N\000-\000h\000o\000p\000p\000i\000n\000g}{chapter.145}% 32
\BOOKMARK [2][-]{subsection.171}{\376\377\000F\000S\000\040\000p\000a\000r\000a\000m\000e\000t\000e\000r\000s\000\040\000s\000e\000l\000e\000c\000t\000i\000o\000n}{section.170}% 33
\BOOKMARK [2][-]{subsection.177}{\376\377\000L\000i\000f\000s\000h\000i\000t\000z\000\040\000t\000r\000a\000n\000s\000i\000t\000i\000o\000n\000s\000\040\000\050\000N\000N\000N\000\040\000-\000\040\000h\000o\000p\000p\000i\000n\000g\000\051}{section.170}% 34
\BOOKMARK [1][-]{section.182}{\376\377\000S\000u\000m\000m\000a\000r\000y}{chapter.145}% 35
\BOOKMARK [1][-]{section.183}{\376\377\000A\000p\000p\000e\000n\000d\000i\000x\000:\000\040\000E\000n\000e\000r\000g\000y\000\040\000a\000b\000s\000o\000r\000p\000t\000i\000o\000n}{chapter.145}% 36
\BOOKMARK [0][-]{chapter.189}{\376\377\000M\000u\000l\000t\000i\000-\000o\000r\000b\000i\000t\000a\000l\000\040\000e\000x\000t\000e\000n\000s\000i\000o\000n\000\040\000o\000f\000\040\000F\000L\000E\000X\000\040\000s\000e\000l\000f\000-\000e\000n\000e\000r\000g\000y}{}% 37
\BOOKMARK [1][-]{section.190}{\376\377\000I\000n\000t\000r\000o\000d\000u\000c\000t\000i\000o\000n}{chapter.189}% 38
\BOOKMARK [1][-]{section.193}{\376\377\000F\000L\000E\000X\000\040\000s\000e\000l\000f\000-\000e\000n\000e\000r\000g\000y}{chapter.189}% 39
\BOOKMARK [1][-]{section.209}{\376\377\000E\000q\000u\000i\000l\000i\000b\000r\000i\000u\000m\000\040\000m\000u\000l\000t\000i\000-\000o\000r\000b\000i\000t\000a\000l\000\040\000H\000u\000b\000b\000a\000r\000d\000\040\000m\000o\000d\000e\000l}{chapter.189}% 40
\BOOKMARK [1][-]{section.221}{\376\377\000M\000u\000l\000t\000i\000-\000o\000r\000b\000i\000t\000a\000l\000\040\000H\000u\000b\000b\000a\000r\000d\000\040\000m\000o\000d\000e\000l\000\040\000w\000i\000t\000h\000\040\000f\000u\000l\000l\000\040\000r\000o\000t\000a\000t\000i\000o\000n\000a\000l\000l\000y\000\040\000i\000n\000v\000a\000r\000i\000a\000n\000t\000\040\000H\000a\000m\000i\000l\000t\000o\000n\000i\000a\000n}{chapter.189}% 41
\BOOKMARK [1][-]{section.255}{\376\377\000S\000u\000m\000m\000a\000r\000y}{chapter.189}% 42
\BOOKMARK [0][-]{chapter.256}{\376\377\000S\000p\000i\000n\000-\000d\000e\000n\000s\000i\000t\000y\000\040\000f\000l\000u\000c\000t\000u\000a\000t\000i\000o\000n\000s\000\040\000i\000n\000\040\0003\000d\000\040\000f\000e\000r\000r\000o\000m\000a\000g\000n\000e\000t\000i\000c\000\040\000m\000e\000t\000a\000l\000s}{}% 43
\BOOKMARK [1][-]{section.257}{\376\377\000I\000n\000t\000r\000o\000d\000u\000c\000t\000i\000o\000n}{chapter.256}% 44
\BOOKMARK [1][-]{section.258}{\376\377\000T\000i\000m\000e\000-\000d\000e\000p\000e\000n\000d\000e\000n\000t\000\040\000d\000e\000n\000s\000i\000t\000y\000\040\000f\000u\000n\000c\000t\000i\000o\000n\000a\000l\000\040\000t\000h\000e\000o\000r\000y}{chapter.256}% 45
\BOOKMARK [2][-]{subsection.259}{\376\377\000T\000h\000e\000\040\000M\000a\000n\000y\000-\000B\000o\000d\000y\000\040\000P\000r\000o\000b\000l\000e\000m}{section.258}% 46
\BOOKMARK [2][-]{subsection.267}{\376\377\000T\000h\000e\000\040\000b\000a\000s\000i\000c\000\040\000o\000f\000\040\000D\000F\000T}{section.258}% 47
\BOOKMARK [2][-]{subsection.290}{\376\377\000F\000u\000l\000l\000-\000p\000o\000t\000e\000n\000t\000i\000a\000l\000\040\000l\000i\000n\000e\000a\000r\000i\000z\000e\000d\000\040\000a\000u\000g\000m\000e\000n\000t\000e\000d\000\040\000p\000l\000a\000n\000e\000\040\000w\000a\000v\000e\000\040\000m\000e\000t\000h\000o\000d}{section.258}% 48
\BOOKMARK [2][-]{subsection.299}{\376\377\000T\000i\000m\000e\000-\000d\000e\000p\000e\000n\000d\000e\000n\000t\000\040\000e\000x\000t\000e\000n\000s\000i\000o\000n\000\040\000o\000f\000\040\000D\000F\000T}{section.258}% 49
\BOOKMARK [2][-]{subsection.306}{\376\377\000S\000D\000F\000\040\000f\000o\000r\000m\000a\000l\000i\000s\000m}{section.258}% 50
\BOOKMARK [2][-]{subsection.320}{\376\377\000L\000i\000n\000e\000a\000r\000\040\000r\000e\000s\000p\000o\000n\000s\000e\000\040\000T\000D\000D\000F\000T\000\040\000a\000n\000d\000\040\000d\000y\000n\000a\000m\000i\000c\000\040\000s\000u\000s\000c\000e\000p\000t\000i\000b\000i\000l\000i\000t\000y\000\040\000c\000a\000l\000c\000u\000l\000a\000t\000i\000o\000n\000s}{section.258}% 51
\BOOKMARK [2][-]{subsection.326}{\376\377\000C\000o\000m\000p\000u\000t\000a\000t\000i\000o\000n\000a\000l\000\040\000D\000e\000t\000a\000i\000l\000s}{section.258}% 52
\BOOKMARK [1][-]{section.327}{\376\377\000S\000p\000i\000n\000-\000d\000e\000n\000s\000i\000t\000y\000\040\000f\000l\000u\000c\000t\000u\000a\000t\000i\000o\000n\000s}{chapter.256}% 53
\BOOKMARK [2][-]{subsection.328}{\376\377\000S\000m\000a\000l\000l\000\040\000w\000a\000v\000e\000v\000e\000c\000t\000o\000r\000\040\000S\000D\000F}{section.327}% 54
\BOOKMARK [2][-]{subsection.331}{\376\377\000D\000e\000n\000s\000i\000t\000y\000\040\000o\000f\000\040\000S\000D\000F}{section.327}% 55
\BOOKMARK [2][-]{subsection.334}{\376\377\000L\000o\000c\000a\000l\000\040\000m\000o\000m\000e\000n\000t\000\040\000s\000u\000m\000\040\000r\000u\000l\000e}{section.327}% 56
\BOOKMARK [2][-]{subsection.337}{\376\377\000N\000u\000m\000b\000e\000r\000\040\000o\000f\000\040\000S\000D\000F}{section.327}% 57
\BOOKMARK [2][-]{subsection.339}{\376\377\000F\000l\000u\000c\000t\000u\000a\000t\000i\000o\000n\000-\000d\000i\000s\000s\000i\000p\000a\000t\000i\000o\000n\000\040\000t\000h\000e\000o\000r\000e\000m}{section.327}% 58
\BOOKMARK [1][-]{section.344}{\376\377\000S\000u\000m\000m\000a\000r\000y}{chapter.256}% 59
\BOOKMARK [0][-]{chapter.345}{\376\377\000S\000u\000m\000m\000a\000r\000y\000\040\000a\000n\000d\000\040\000o\000u\000t\000l\000o\000o\000k}{}% 60
\BOOKMARK [0][-]{section*.346}{\376\377\000L\000i\000s\000t\000\040\000o\000f\000\040\000P\000u\000b\000l\000i\000c\000a\000t\000i\000o\000n\000s}{}% 61
\BOOKMARK [0][-]{section*.362}{\376\377\000A\000c\000k\000n\000o\000w\000l\000e\000d\000g\000m\000e\000n\000t\000s}{}% 62
