This is pdfTeX, Version 3.14159265-2.6-1.40.16 (TeX Live 2015/Debian) (preloaded format=pdflatex 2018.10.12)  27 DEC 2018 17:24
entering extended mode
 restricted \write18 enabled.
 %&-line parsing enabled.
**log.tex
(./log.tex
LaTeX2e <2016/02/01>
Babel <3.9q> and hyphenation patterns for 81 language(s) loaded.
(/usr/share/texlive/texmf-dist/tex/latex/base/article.cls
Document Class: article 2014/09/29 v1.4h Standard LaTeX document class
(/usr/share/texlive/texmf-dist/tex/latex/base/size12.clo
File: size12.clo 2014/09/29 v1.4h Standard LaTeX file (size option)
)
\c@part=\count79
\c@section=\count80
\c@subsection=\count81
\c@subsubsection=\count82
\c@paragraph=\count83
\c@subparagraph=\count84
\c@figure=\count85
\c@table=\count86
\abovecaptionskip=\skip41
\belowcaptionskip=\skip42
\bibindent=\dimen102
)
(/usr/share/texlive/texmf-dist/tex/latex/geometry/geometry.sty
Package: geometry 2010/09/12 v5.6 Page Geometry

(/usr/share/texlive/texmf-dist/tex/latex/graphics/keyval.sty
Package: keyval 2014/10/28 v1.15 key=value parser (DPC)
\KV@toks@=\toks14
)
(/usr/share/texlive/texmf-dist/tex/generic/oberdiek/ifpdf.sty
Package: ifpdf 2011/01/30 v2.3 Provides the ifpdf switch (HO)
Package ifpdf Info: pdfTeX in PDF mode is detected.
)
(/usr/share/texlive/texmf-dist/tex/generic/oberdiek/ifvtex.sty
Package: ifvtex 2010/03/01 v1.5 Detect VTeX and its facilities (HO)
Package ifvtex Info: VTeX not detected.
)
(/usr/share/texlive/texmf-dist/tex/generic/ifxetex/ifxetex.sty
Package: ifxetex 2010/09/12 v0.6 Provides ifxetex conditional
)
\Gm@cnth=\count87
\Gm@cntv=\count88
\c@Gm@tempcnt=\count89
\Gm@bindingoffset=\dimen103
\Gm@wd@mp=\dimen104
\Gm@odd@mp=\dimen105
\Gm@even@mp=\dimen106
\Gm@layoutwidth=\dimen107
\Gm@layoutheight=\dimen108
\Gm@layouthoffset=\dimen109
\Gm@layoutvoffset=\dimen110
\Gm@dimlist=\toks15
)
(/usr/share/texlive/texmf-dist/tex/latex/graphics/graphicx.sty
Package: graphicx 2014/10/28 v1.0g Enhanced LaTeX Graphics (DPC,SPQR)

(/usr/share/texlive/texmf-dist/tex/latex/graphics/graphics.sty
Package: graphics 2016/01/03 v1.0q Standard LaTeX Graphics (DPC,SPQR)

(/usr/share/texlive/texmf-dist/tex/latex/graphics/trig.sty
Package: trig 2016/01/03 v1.10 sin cos tan (DPC)
)
(/usr/share/texlive/texmf-dist/tex/latex/latexconfig/graphics.cfg
File: graphics.cfg 2010/04/23 v1.9 graphics configuration of TeX Live
)
Package graphics Info: Driver file: pdftex.def on input line 95.

(/usr/share/texlive/texmf-dist/tex/latex/pdftex-def/pdftex.def
File: pdftex.def 2011/05/27 v0.06d Graphics/color for pdfTeX

(/usr/share/texlive/texmf-dist/tex/generic/oberdiek/infwarerr.sty
Package: infwarerr 2010/04/08 v1.3 Providing info/warning/error messages (HO)
)
(/usr/share/texlive/texmf-dist/tex/generic/oberdiek/ltxcmds.sty
Package: ltxcmds 2011/11/09 v1.22 LaTeX kernel commands for general use (HO)
)
\Gread@gobject=\count90
))
\Gin@req@height=\dimen111
\Gin@req@width=\dimen112
)
(/usr/share/texlive/texmf-dist/tex/latex/caption/subcaption.sty
Package: subcaption 2016/02/20 v1.1-142 Sub-captions (AR)

(/usr/share/texlive/texmf-dist/tex/latex/caption/caption.sty
Package: caption 2016/02/21 v3.3-144 Customizing captions (AR)

(/usr/share/texlive/texmf-dist/tex/latex/caption/caption3.sty
Package: caption3 2016/02/04 v1.7-139 caption3 kernel (AR)
Package caption3 Info: TeX engine: e-TeX on input line 67.
\captionmargin=\dimen113
\captionmargin@=\dimen114
\captionwidth=\dimen115
\caption@tempdima=\dimen116
\caption@indent=\dimen117
\caption@parindent=\dimen118
\caption@hangindent=\dimen119
)
\c@ContinuedFloat=\count91
)
\c@subfigure=\count92
\c@subtable=\count93
)
(/usr/share/texlive/texmf-dist/tex/latex/amsmath/amsmath.sty
Package: amsmath 2016/03/03 v2.15a AMS math features
\@mathmargin=\skip43

For additional information on amsmath, use the `?' option.
(/usr/share/texlive/texmf-dist/tex/latex/amsmath/amstext.sty
Package: amstext 2000/06/29 v2.01 AMS text

(/usr/share/texlive/texmf-dist/tex/latex/amsmath/amsgen.sty
File: amsgen.sty 1999/11/30 v2.0 generic functions
\@emptytoks=\toks16
\ex@=\dimen120
))
(/usr/share/texlive/texmf-dist/tex/latex/amsmath/amsbsy.sty
Package: amsbsy 1999/11/29 v1.2d Bold Symbols
\pmbraise@=\dimen121
)
(/usr/share/texlive/texmf-dist/tex/latex/amsmath/amsopn.sty
Package: amsopn 1999/12/14 v2.01 operator names
)
\inf@bad=\count94
LaTeX Info: Redefining \frac on input line 199.
\uproot@=\count95
\leftroot@=\count96
LaTeX Info: Redefining \overline on input line 297.
\classnum@=\count97
\DOTSCASE@=\count98
LaTeX Info: Redefining \ldots on input line 394.
LaTeX Info: Redefining \dots on input line 397.
LaTeX Info: Redefining \cdots on input line 518.
\Mathstrutbox@=\box26
\strutbox@=\box27
\big@size=\dimen122
LaTeX Font Info:    Redeclaring font encoding OML on input line 630.
LaTeX Font Info:    Redeclaring font encoding OMS on input line 631.
\macc@depth=\count99
\c@MaxMatrixCols=\count100
\dotsspace@=\muskip10
\c@parentequation=\count101
\dspbrk@lvl=\count102
\tag@help=\toks17
\row@=\count103
\column@=\count104
\maxfields@=\count105
\andhelp@=\toks18
\eqnshift@=\dimen123
\alignsep@=\dimen124
\tagshift@=\dimen125
\tagwidth@=\dimen126
\totwidth@=\dimen127
\lineht@=\dimen128
\@envbody=\toks19
\multlinegap=\skip44
\multlinetaggap=\skip45
\mathdisplay@stack=\toks20
LaTeX Info: Redefining \[ on input line 2735.
LaTeX Info: Redefining \] on input line 2736.
)
(/usr/share/texlive/texmf-dist/tex/latex/fancyhdr/fancyhdr.sty
\fancy@headwidth=\skip46
\f@ncyO@elh=\skip47
\f@ncyO@erh=\skip48
\f@ncyO@olh=\skip49
\f@ncyO@orh=\skip50
\f@ncyO@elf=\skip51
\f@ncyO@erf=\skip52
\f@ncyO@olf=\skip53
\f@ncyO@orf=\skip54
)
(/usr/share/texlive/texmf-dist/tex/latex/lipsum/lipsum.sty
Package: lipsum 2014/07/27 v1.3 150 paragraphs of Lorem Ipsum dummy text
\c@lips@count=\count106
)
(/usr/share/texlive/texmf-dist/tex/latex/tools/indentfirst.sty
Package: indentfirst 1995/11/23 v1.03 Indent first paragraph (DPC)
)
(/usr/share/texlive/texmf-dist/tex/latex/base/inputenc.sty
Package: inputenc 2015/03/17 v1.2c Input encoding file
\inpenc@prehook=\toks21
\inpenc@posthook=\toks22

(/usr/share/texlive/texmf-dist/tex/latex/base/utf8.def
File: utf8.def 2015/12/03 v1.1r UTF-8 support for inputenc
Now handling font encoding OML ...
... no UTF-8 mapping file for font encoding OML
Now handling font encoding T1 ...
... processing UTF-8 mapping file for font encoding T1

(/usr/share/texlive/texmf-dist/tex/latex/base/t1enc.dfu
File: t1enc.dfu 2015/12/03 v1.1r UTF-8 support for inputenc
   defining Unicode char U+00A0 (decimal 160)
   defining Unicode char U+00A1 (decimal 161)
   defining Unicode char U+00A3 (decimal 163)
   defining Unicode char U+00AB (decimal 171)
   defining Unicode char U+00AD (decimal 173)
   defining Unicode char U+00BB (decimal 187)
   defining Unicode char U+00BF (decimal 191)
   defining Unicode char U+00C0 (decimal 192)
   defining Unicode char U+00C1 (decimal 193)
   defining Unicode char U+00C2 (decimal 194)
   defining Unicode char U+00C3 (decimal 195)
   defining Unicode char U+00C4 (decimal 196)
   defining Unicode char U+00C5 (decimal 197)
   defining Unicode char U+00C6 (decimal 198)
   defining Unicode char U+00C7 (decimal 199)
   defining Unicode char U+00C8 (decimal 200)
   defining Unicode char U+00C9 (decimal 201)
   defining Unicode char U+00CA (decimal 202)
   defining Unicode char U+00CB (decimal 203)
   defining Unicode char U+00CC (decimal 204)
   defining Unicode char U+00CD (decimal 205)
   defining Unicode char U+00CE (decimal 206)
   defining Unicode char U+00CF (decimal 207)
   defining Unicode char U+00D0 (decimal 208)
   defining Unicode char U+00D1 (decimal 209)
   defining Unicode char U+00D2 (decimal 210)
   defining Unicode char U+00D3 (decimal 211)
   defining Unicode char U+00D4 (decimal 212)
   defining Unicode char U+00D5 (decimal 213)
   defining Unicode char U+00D6 (decimal 214)
   defining Unicode char U+00D8 (decimal 216)
   defining Unicode char U+00D9 (decimal 217)
   defining Unicode char U+00DA (decimal 218)
   defining Unicode char U+00DB (decimal 219)
   defining Unicode char U+00DC (decimal 220)
   defining Unicode char U+00DD (decimal 221)
   defining Unicode char U+00DE (decimal 222)
   defining Unicode char U+00DF (decimal 223)
   defining Unicode char U+00E0 (decimal 224)
   defining Unicode char U+00E1 (decimal 225)
   defining Unicode char U+00E2 (decimal 226)
   defining Unicode char U+00E3 (decimal 227)
   defining Unicode char U+00E4 (decimal 228)
   defining Unicode char U+00E5 (decimal 229)
   defining Unicode char U+00E6 (decimal 230)
   defining Unicode char U+00E7 (decimal 231)
   defining Unicode char U+00E8 (decimal 232)
   defining Unicode char U+00E9 (decimal 233)
   defining Unicode char U+00EA (decimal 234)
   defining Unicode char U+00EB (decimal 235)
   defining Unicode char U+00EC (decimal 236)
   defining Unicode char U+00ED (decimal 237)
   defining Unicode char U+00EE (decimal 238)
   defining Unicode char U+00EF (decimal 239)
   defining Unicode char U+00F0 (decimal 240)
   defining Unicode char U+00F1 (decimal 241)
   defining Unicode char U+00F2 (decimal 242)
   defining Unicode char U+00F3 (decimal 243)
   defining Unicode char U+00F4 (decimal 244)
   defining Unicode char U+00F5 (decimal 245)
   defining Unicode char U+00F6 (decimal 246)
   defining Unicode char U+00F8 (decimal 248)
   defining Unicode char U+00F9 (decimal 249)
   defining Unicode char U+00FA (decimal 250)
   defining Unicode char U+00FB (decimal 251)
   defining Unicode char U+00FC (decimal 252)
   defining Unicode char U+00FD (decimal 253)
   defining Unicode char U+00FE (decimal 254)
   defining Unicode char U+00FF (decimal 255)
   defining Unicode char U+0100 (decimal 256)
   defining Unicode char U+0101 (decimal 257)
   defining Unicode char U+0102 (decimal 258)
   defining Unicode char U+0103 (decimal 259)
   defining Unicode char U+0104 (decimal 260)
   defining Unicode char U+0105 (decimal 261)
   defining Unicode char U+0106 (decimal 262)
   defining Unicode char U+0107 (decimal 263)
   defining Unicode char U+0108 (decimal 264)
   defining Unicode char U+0109 (decimal 265)
   defining Unicode char U+010A (decimal 266)
   defining Unicode char U+010B (decimal 267)
   defining Unicode char U+010C (decimal 268)
   defining Unicode char U+010D (decimal 269)
   defining Unicode char U+010E (decimal 270)
   defining Unicode char U+010F (decimal 271)
   defining Unicode char U+0110 (decimal 272)
   defining Unicode char U+0111 (decimal 273)
   defining Unicode char U+0112 (decimal 274)
   defining Unicode char U+0113 (decimal 275)
   defining Unicode char U+0114 (decimal 276)
   defining Unicode char U+0115 (decimal 277)
   defining Unicode char U+0116 (decimal 278)
   defining Unicode char U+0117 (decimal 279)
   defining Unicode char U+0118 (decimal 280)
   defining Unicode char U+0119 (decimal 281)
   defining Unicode char U+011A (decimal 282)
   defining Unicode char U+011B (decimal 283)
   defining Unicode char U+011C (decimal 284)
   defining Unicode char U+011D (decimal 285)
   defining Unicode char U+011E (decimal 286)
   defining Unicode char U+011F (decimal 287)
   defining Unicode char U+0120 (decimal 288)
   defining Unicode char U+0121 (decimal 289)
   defining Unicode char U+0122 (decimal 290)
   defining Unicode char U+0123 (decimal 291)
   defining Unicode char U+0124 (decimal 292)
   defining Unicode char U+0125 (decimal 293)
   defining Unicode char U+0128 (decimal 296)
   defining Unicode char U+0129 (decimal 297)
   defining Unicode char U+012A (decimal 298)
   defining Unicode char U+012B (decimal 299)
   defining Unicode char U+012C (decimal 300)
   defining Unicode char U+012D (decimal 301)
   defining Unicode char U+012E (decimal 302)
   defining Unicode char U+012F (decimal 303)
   defining Unicode char U+0130 (decimal 304)
   defining Unicode char U+0131 (decimal 305)
   defining Unicode char U+0132 (decimal 306)
   defining Unicode char U+0133 (decimal 307)
   defining Unicode char U+0134 (decimal 308)
   defining Unicode char U+0135 (decimal 309)
   defining Unicode char U+0136 (decimal 310)
   defining Unicode char U+0137 (decimal 311)
   defining Unicode char U+0139 (decimal 313)
   defining Unicode char U+013A (decimal 314)
   defining Unicode char U+013B (decimal 315)
   defining Unicode char U+013C (decimal 316)
   defining Unicode char U+013D (decimal 317)
   defining Unicode char U+013E (decimal 318)
   defining Unicode char U+0141 (decimal 321)
   defining Unicode char U+0142 (decimal 322)
   defining Unicode char U+0143 (decimal 323)
   defining Unicode char U+0144 (decimal 324)
   defining Unicode char U+0145 (decimal 325)
   defining Unicode char U+0146 (decimal 326)
   defining Unicode char U+0147 (decimal 327)
   defining Unicode char U+0148 (decimal 328)
   defining Unicode char U+014A (decimal 330)
   defining Unicode char U+014B (decimal 331)
   defining Unicode char U+014C (decimal 332)
   defining Unicode char U+014D (decimal 333)
   defining Unicode char U+014E (decimal 334)
   defining Unicode char U+014F (decimal 335)
   defining Unicode char U+0150 (decimal 336)
   defining Unicode char U+0151 (decimal 337)
   defining Unicode char U+0152 (decimal 338)
   defining Unicode char U+0153 (decimal 339)
   defining Unicode char U+0154 (decimal 340)
   defining Unicode char U+0155 (decimal 341)
   defining Unicode char U+0156 (decimal 342)
   defining Unicode char U+0157 (decimal 343)
   defining Unicode char U+0158 (decimal 344)
   defining Unicode char U+0159 (decimal 345)
   defining Unicode char U+015A (decimal 346)
   defining Unicode char U+015B (decimal 347)
   defining Unicode char U+015C (decimal 348)
   defining Unicode char U+015D (decimal 349)
   defining Unicode char U+015E (decimal 350)
   defining Unicode char U+015F (decimal 351)
   defining Unicode char U+0160 (decimal 352)
   defining Unicode char U+0161 (decimal 353)
   defining Unicode char U+0162 (decimal 354)
   defining Unicode char U+0163 (decimal 355)
   defining Unicode char U+0164 (decimal 356)
   defining Unicode char U+0165 (decimal 357)
   defining Unicode char U+0168 (decimal 360)
   defining Unicode char U+0169 (decimal 361)
   defining Unicode char U+016A (decimal 362)
   defining Unicode char U+016B (decimal 363)
   defining Unicode char U+016C (decimal 364)
   defining Unicode char U+016D (decimal 365)
   defining Unicode char U+016E (decimal 366)
   defining Unicode char U+016F (decimal 367)
   defining Unicode char U+0170 (decimal 368)
   defining Unicode char U+0171 (decimal 369)
   defining Unicode char U+0172 (decimal 370)
   defining Unicode char U+0173 (decimal 371)
   defining Unicode char U+0174 (decimal 372)
   defining Unicode char U+0175 (decimal 373)
   defining Unicode char U+0176 (decimal 374)
   defining Unicode char U+0177 (decimal 375)
   defining Unicode char U+0178 (decimal 376)
   defining Unicode char U+0179 (decimal 377)
   defining Unicode char U+017A (decimal 378)
   defining Unicode char U+017B (decimal 379)
   defining Unicode char U+017C (decimal 380)
   defining Unicode char U+017D (decimal 381)
   defining Unicode char U+017E (decimal 382)
   defining Unicode char U+01CD (decimal 461)
   defining Unicode char U+01CE (decimal 462)
   defining Unicode char U+01CF (decimal 463)
   defining Unicode char U+01D0 (decimal 464)
   defining Unicode char U+01D1 (decimal 465)
   defining Unicode char U+01D2 (decimal 466)
   defining Unicode char U+01D3 (decimal 467)
   defining Unicode char U+01D4 (decimal 468)
   defining Unicode char U+01E2 (decimal 482)
   defining Unicode char U+01E3 (decimal 483)
   defining Unicode char U+01E6 (decimal 486)
   defining Unicode char U+01E7 (decimal 487)
   defining Unicode char U+01E8 (decimal 488)
   defining Unicode char U+01E9 (decimal 489)
   defining Unicode char U+01EA (decimal 490)
   defining Unicode char U+01EB (decimal 491)
   defining Unicode char U+01F0 (decimal 496)
   defining Unicode char U+01F4 (decimal 500)
   defining Unicode char U+01F5 (decimal 501)
   defining Unicode char U+0218 (decimal 536)
   defining Unicode char U+0219 (decimal 537)
   defining Unicode char U+021A (decimal 538)
   defining Unicode char U+021B (decimal 539)
   defining Unicode char U+01E02 (decimal 7682)
   defining Unicode char U+01E03 (decimal 7683)
   defining Unicode char U+200C (decimal 8204)
   defining Unicode char U+2013 (decimal 8211)
   defining Unicode char U+2014 (decimal 8212)
   defining Unicode char U+2018 (decimal 8216)
   defining Unicode char U+2019 (decimal 8217)
   defining Unicode char U+201A (decimal 8218)
   defining Unicode char U+201C (decimal 8220)
   defining Unicode char U+201D (decimal 8221)
   defining Unicode char U+201E (decimal 8222)
   defining Unicode char U+2030 (decimal 8240)
   defining Unicode char U+2031 (decimal 8241)
   defining Unicode char U+2039 (decimal 8249)
   defining Unicode char U+203A (decimal 8250)
   defining Unicode char U+2423 (decimal 9251)
)
Now handling font encoding OT1 ...
... processing UTF-8 mapping file for font encoding OT1

(/usr/share/texlive/texmf-dist/tex/latex/base/ot1enc.dfu
File: ot1enc.dfu 2015/12/03 v1.1r UTF-8 support for inputenc
   defining Unicode char U+00A0 (decimal 160)
   defining Unicode char U+00A1 (decimal 161)
   defining Unicode char U+00A3 (decimal 163)
   defining Unicode char U+00AD (decimal 173)
   defining Unicode char U+00B8 (decimal 184)
   defining Unicode char U+00BF (decimal 191)
   defining Unicode char U+00C5 (decimal 197)
   defining Unicode char U+00C6 (decimal 198)
   defining Unicode char U+00D8 (decimal 216)
   defining Unicode char U+00DF (decimal 223)
   defining Unicode char U+00E6 (decimal 230)
   defining Unicode char U+00EC (decimal 236)
   defining Unicode char U+00ED (decimal 237)
   defining Unicode char U+00EE (decimal 238)
   defining Unicode char U+00EF (decimal 239)
   defining Unicode char U+00F8 (decimal 248)
   defining Unicode char U+0131 (decimal 305)
   defining Unicode char U+0141 (decimal 321)
   defining Unicode char U+0142 (decimal 322)
   defining Unicode char U+0152 (decimal 338)
   defining Unicode char U+0153 (decimal 339)
   defining Unicode char U+0174 (decimal 372)
   defining Unicode char U+0175 (decimal 373)
   defining Unicode char U+0176 (decimal 374)
   defining Unicode char U+0177 (decimal 375)
   defining Unicode char U+0218 (decimal 536)
   defining Unicode char U+0219 (decimal 537)
   defining Unicode char U+021A (decimal 538)
   defining Unicode char U+021B (decimal 539)
   defining Unicode char U+2013 (decimal 8211)
   defining Unicode char U+2014 (decimal 8212)
   defining Unicode char U+2018 (decimal 8216)
   defining Unicode char U+2019 (decimal 8217)
   defining Unicode char U+201C (decimal 8220)
   defining Unicode char U+201D (decimal 8221)
)
Now handling font encoding OMS ...
... processing UTF-8 mapping file for font encoding OMS

(/usr/share/texlive/texmf-dist/tex/latex/base/omsenc.dfu
File: omsenc.dfu 2015/12/03 v1.1r UTF-8 support for inputenc
   defining Unicode char U+00A7 (decimal 167)
   defining Unicode char U+00B6 (decimal 182)
   defining Unicode char U+00B7 (decimal 183)
   defining Unicode char U+2020 (decimal 8224)
   defining Unicode char U+2021 (decimal 8225)
   defining Unicode char U+2022 (decimal 8226)
)
Now handling font encoding OMX ...
... no UTF-8 mapping file for font encoding OMX
Now handling font encoding U ...
... no UTF-8 mapping file for font encoding U
   defining Unicode char U+00A9 (decimal 169)
   defining Unicode char U+00AA (decimal 170)
   defining Unicode char U+00AE (decimal 174)
   defining Unicode char U+00BA (decimal 186)
   defining Unicode char U+02C6 (decimal 710)
   defining Unicode char U+02DC (decimal 732)
   defining Unicode char U+200C (decimal 8204)
   defining Unicode char U+2026 (decimal 8230)
   defining Unicode char U+2122 (decimal 8482)
   defining Unicode char U+2423 (decimal 9251)
))
(/usr/share/texlive/texmf-dist/tex/latex/braket/braket.sty)
(/usr/share/texlive/texmf-dist/tex/latex/natbib/natbib.sty
Package: natbib 2010/09/13 8.31b (PWD, AO)
\bibhang=\skip55
\bibsep=\skip56
LaTeX Info: Redefining \cite on input line 694.
\c@NAT@ctr=\count107
)
(/usr/share/texlive/texmf-dist/tex/latex/hyperref/hyperref.sty
Package: hyperref 2012/11/06 v6.83m Hypertext links for LaTeX

(/usr/share/texlive/texmf-dist/tex/generic/oberdiek/hobsub-hyperref.sty
Package: hobsub-hyperref 2012/05/28 v1.13 Bundle oberdiek, subset hyperref (HO)


(/usr/share/texlive/texmf-dist/tex/generic/oberdiek/hobsub-generic.sty
Package: hobsub-generic 2012/05/28 v1.13 Bundle oberdiek, subset generic (HO)
Package: hobsub 2012/05/28 v1.13 Construct package bundles (HO)
Package hobsub Info: Skipping package `infwarerr' (already loaded).
Package hobsub Info: Skipping package `ltxcmds' (already loaded).
Package: ifluatex 2010/03/01 v1.3 Provides the ifluatex switch (HO)
Package ifluatex Info: LuaTeX not detected.
Package hobsub Info: Skipping package `ifvtex' (already loaded).
Package: intcalc 2007/09/27 v1.1 Expandable calculations with integers (HO)
Package hobsub Info: Skipping package `ifpdf' (already loaded).
Package: etexcmds 2011/02/16 v1.5 Avoid name clashes with e-TeX commands (HO)
Package etexcmds Info: Could not find \expanded.
(etexcmds)             That can mean that you are not using pdfTeX 1.50 or
(etexcmds)             that some package has redefined \expanded.
(etexcmds)             In the latter case, load this package earlier.
Package: kvsetkeys 2012/04/25 v1.16 Key value parser (HO)
Package: kvdefinekeys 2011/04/07 v1.3 Define keys (HO)
Package: pdftexcmds 2011/11/29 v0.20 Utility functions of pdfTeX for LuaTeX (HO
)
Package pdftexcmds Info: LuaTeX not detected.
Package pdftexcmds Info: \pdf@primitive is available.
Package pdftexcmds Info: \pdf@ifprimitive is available.
Package pdftexcmds Info: \pdfdraftmode found.
Package: pdfescape 2011/11/25 v1.13 Implements pdfTeX's escape features (HO)
Package: bigintcalc 2012/04/08 v1.3 Expandable calculations on big integers (HO
)
Package: bitset 2011/01/30 v1.1 Handle bit-vector datatype (HO)
Package: uniquecounter 2011/01/30 v1.2 Provide unlimited unique counter (HO)
)
Package hobsub Info: Skipping package `hobsub' (already loaded).
Package: letltxmacro 2010/09/02 v1.4 Let assignment for LaTeX macros (HO)
Package: hopatch 2012/05/28 v1.2 Wrapper for package hooks (HO)
Package: xcolor-patch 2011/01/30 xcolor patch
Package: atveryend 2011/06/30 v1.8 Hooks at the very end of document (HO)
Package atveryend Info: \enddocument detected (standard20110627).
Package: atbegshi 2011/10/05 v1.16 At begin shipout hook (HO)
Package: refcount 2011/10/16 v3.4 Data extraction from label references (HO)
Package: hycolor 2011/01/30 v1.7 Color options for hyperref/bookmark (HO)
)
(/usr/share/texlive/texmf-dist/tex/latex/oberdiek/auxhook.sty
Package: auxhook 2011/03/04 v1.3 Hooks for auxiliary files (HO)
)
(/usr/share/texlive/texmf-dist/tex/latex/oberdiek/kvoptions.sty
Package: kvoptions 2011/06/30 v3.11 Key value format for package options (HO)
)
\@linkdim=\dimen129
\Hy@linkcounter=\count108
\Hy@pagecounter=\count109

(/usr/share/texlive/texmf-dist/tex/latex/hyperref/pd1enc.def
File: pd1enc.def 2012/11/06 v6.83m Hyperref: PDFDocEncoding definition (HO)
Now handling font encoding PD1 ...
... no UTF-8 mapping file for font encoding PD1
)
\Hy@SavedSpaceFactor=\count110

(/usr/share/texlive/texmf-dist/tex/latex/latexconfig/hyperref.cfg
File: hyperref.cfg 2002/06/06 v1.2 hyperref configuration of TeXLive
)
Package hyperref Info: Option `colorlinks' set `true' on input line 4319.
Package hyperref Info: Hyper figures OFF on input line 4443.
Package hyperref Info: Link nesting OFF on input line 4448.
Package hyperref Info: Hyper index ON on input line 4451.
Package hyperref Info: Plain pages OFF on input line 4458.
Package hyperref Info: Backreferencing OFF on input line 4463.
Package hyperref Info: Implicit mode ON; LaTeX internals redefined.
Package hyperref Info: Bookmarks ON on input line 4688.
\c@Hy@tempcnt=\count111

(/usr/share/texlive/texmf-dist/tex/latex/url/url.sty
\Urlmuskip=\muskip11
Package: url 2013/09/16  ver 3.4  Verb mode for urls, etc.
)
LaTeX Info: Redefining \url on input line 5041.
\XeTeXLinkMargin=\dimen130
\Fld@menulength=\count112
\Field@Width=\dimen131
\Fld@charsize=\dimen132
Package hyperref Info: Hyper figures OFF on input line 6295.
Package hyperref Info: Link nesting OFF on input line 6300.
Package hyperref Info: Hyper index ON on input line 6303.
Package hyperref Info: backreferencing OFF on input line 6310.
Package hyperref Info: Link coloring ON on input line 6313.
Package hyperref Info: Link coloring with OCG OFF on input line 6320.
Package hyperref Info: PDF/A mode OFF on input line 6325.
LaTeX Info: Redefining \ref on input line 6365.
LaTeX Info: Redefining \pageref on input line 6369.
\Hy@abspage=\count113
\c@Item=\count114
\c@Hfootnote=\count115
)

Package hyperref Message: Driver (autodetected): hpdftex.

(/usr/share/texlive/texmf-dist/tex/latex/hyperref/hpdftex.def
File: hpdftex.def 2012/11/06 v6.83m Hyperref driver for pdfTeX
\Fld@listcount=\count116
\c@bookmark@seq@number=\count117

(/usr/share/texlive/texmf-dist/tex/latex/oberdiek/rerunfilecheck.sty
Package: rerunfilecheck 2011/04/15 v1.7 Rerun checks for auxiliary files (HO)
Package uniquecounter Info: New unique counter `rerunfilecheck' on input line 2
82.
)
\Hy@SectionHShift=\skip57
)
(/usr/share/texlive/texmf-dist/tex/latex/xcolor/xcolor.sty
Package: xcolor 2007/01/21 v2.11 LaTeX color extensions (UK)

(/usr/share/texlive/texmf-dist/tex/latex/latexconfig/color.cfg
File: color.cfg 2007/01/18 v1.5 color configuration of teTeX/TeXLive
)
Package xcolor Info: Package option `usenames' ignored on input line 216.
Package xcolor Info: Driver file: pdftex.def on input line 225.
Package xcolor Info: Model `cmy' substituted by `cmy0' on input line 1337.
Package xcolor Info: Model `hsb' substituted by `rgb' on input line 1341.
Package xcolor Info: Model `RGB' extended on input line 1353.
Package xcolor Info: Model `HTML' substituted by `rgb' on input line 1355.
Package xcolor Info: Model `Hsb' substituted by `hsb' on input line 1356.
Package xcolor Info: Model `tHsb' substituted by `hsb' on input line 1357.
Package xcolor Info: Model `HSB' substituted by `hsb' on input line 1358.
Package xcolor Info: Model `Gray' substituted by `gray' on input line 1359.
Package xcolor Info: Model `wave' substituted by `hsb' on input line 1360.

(/usr/share/texlive/texmf-dist/tex/latex/graphics/dvipsnam.def
File: dvipsnam.def 2015/12/30 v3.0k Driver-dependent file (DPC,SPQR)
)) (./log.aux)
\openout1 = `log.aux'.

LaTeX Font Info:    Checking defaults for OML/cmm/m/it on input line 58.
LaTeX Font Info:    ... okay on input line 58.
LaTeX Font Info:    Checking defaults for T1/cmr/m/n on input line 58.
LaTeX Font Info:    ... okay on input line 58.
LaTeX Font Info:    Checking defaults for OT1/cmr/m/n on input line 58.
LaTeX Font Info:    ... okay on input line 58.
LaTeX Font Info:    Checking defaults for OMS/cmsy/m/n on input line 58.
LaTeX Font Info:    ... okay on input line 58.
LaTeX Font Info:    Checking defaults for OMX/cmex/m/n on input line 58.
LaTeX Font Info:    ... okay on input line 58.
LaTeX Font Info:    Checking defaults for U/cmr/m/n on input line 58.
LaTeX Font Info:    ... okay on input line 58.
LaTeX Font Info:    Checking defaults for PD1/pdf/m/n on input line 58.
LaTeX Font Info:    ... okay on input line 58.

*geometry* driver: auto-detecting
*geometry* detected driver: pdftex
*geometry* verbose mode - [ preamble ] result:
* driver: pdftex
* paper: a4paper
* layout: <same size as paper>
* layoutoffset:(h,v)=(0.0pt,0.0pt)
* modes: 
* h-part:(L,W,R)=(71.13188pt, 455.24411pt, 71.13188pt)
* v-part:(T,H,B)=(28.45274pt, 759.6886pt, 56.9055pt)
* \paperwidth=597.50787pt
* \paperheight=845.04684pt
* \textwidth=455.24411pt
* \textheight=759.6886pt
* \oddsidemargin=-1.1381pt
* \evensidemargin=-1.1381pt
* \topmargin=-80.81725pt
* \headheight=12.0pt
* \headsep=25.0pt
* \topskip=12.0pt
* \footskip=30.0pt
* \marginparwidth=35.0pt
* \marginparsep=10.0pt
* \columnsep=10.0pt
* \skip\footins=10.8pt plus 4.0pt minus 2.0pt
* \hoffset=0.0pt
* \voffset=0.0pt
* \mag=1000
* \@twocolumnfalse
* \@twosidefalse
* \@mparswitchfalse
* \@reversemarginfalse
* (1in=72.27pt=25.4mm, 1cm=28.453pt)

(/usr/share/texlive/texmf-dist/tex/context/base/supp-pdf.mkii
[Loading MPS to PDF converter (version 2006.09.02).]
\scratchcounter=\count118
\scratchdimen=\dimen133
\scratchbox=\box28
\nofMPsegments=\count119
\nofMParguments=\count120
\everyMPshowfont=\toks23
\MPscratchCnt=\count121
\MPscratchDim=\dimen134
\MPnumerator=\count122
\makeMPintoPDFobject=\count123
\everyMPtoPDFconversion=\toks24
) (/usr/share/texlive/texmf-dist/tex/latex/oberdiek/epstopdf-base.sty
Package: epstopdf-base 2010/02/09 v2.5 Base part for package epstopdf

(/usr/share/texlive/texmf-dist/tex/latex/oberdiek/grfext.sty
Package: grfext 2010/08/19 v1.1 Manage graphics extensions (HO)
)
Package grfext Info: Graphics extension search list:
(grfext)             [.png,.pdf,.jpg,.mps,.jpeg,.jbig2,.jb2,.PNG,.PDF,.JPG,.JPE
G,.JBIG2,.JB2,.eps]
(grfext)             \AppendGraphicsExtensions on input line 452.

(/usr/share/texlive/texmf-dist/tex/latex/latexconfig/epstopdf-sys.cfg
File: epstopdf-sys.cfg 2010/07/13 v1.3 Configuration of (r)epstopdf for TeX Liv
e
))
Package caption Info: Begin \AtBeginDocument code.
Package caption Info: hyperref package is loaded.
Package caption Info: End \AtBeginDocument code.
\AtBeginShipoutBox=\box29
Package hyperref Info: Link coloring ON on input line 58.

(/usr/share/texlive/texmf-dist/tex/latex/hyperref/nameref.sty
Package: nameref 2012/10/27 v2.43 Cross-referencing by name of section

(/usr/share/texlive/texmf-dist/tex/generic/oberdiek/gettitlestring.sty
Package: gettitlestring 2010/12/03 v1.4 Cleanup title references (HO)
)
\c@section@level=\count124
)
LaTeX Info: Redefining \ref on input line 58.
LaTeX Info: Redefining \pageref on input line 58.
LaTeX Info: Redefining \nameref on input line 58.

(./log.out) (./log.out)
\@outlinefile=\write3
\openout3 = `log.out'.



LaTeX Warning: No \author given.

(./Article.tex [1

{/var/lib/texmf/fonts/map/pdftex/updmap/pdftex.map}]
Overfull \hbox (4.59164pt too wide) in paragraph at lines 87--87
[]\OT1/cmr/bx/n/17.28 Equilibrium re-sults for mul-ti-or-bital Hub-bard model
 []


Package amsmath Warning: Foreign command \over;
(amsmath)                \frac or \genfrac should be used instead
(amsmath)                 on input line 89.


Overfull \hbox (0.15143pt too wide) in paragraph at lines 89--91
[]\OT1/cmr/m/n/12 Calculations were per-formed on in-finitely di-men-sional Bet
he lat-tice with semi-elliptic
 []

[2]
Package epstopdf Info: Source file: <figure/pp/DOS_mu0_J0.eps>
(epstopdf)                    date: 2018-12-13 16:00:52
(epstopdf)                    size: 263359 bytes
(epstopdf)             Output file: <figure/pp/DOS_mu0_J0-eps-converted-to.pdf>

(epstopdf)                    date: 2018-12-13 16:04:39
(epstopdf)                    size: 98243 bytes
(epstopdf)             Command: <repstopdf --outfile=figure/pp/DOS_mu0_J0-eps-c
onverted-to.pdf figure/pp/DOS_mu0_J0.eps>
(epstopdf)             \includegraphics on input line 98.
Package epstopdf Info: Output file is already uptodate.


pdfTeX warning: pdflatex (file ./figure/pp/DOS_mu0_J0-eps-converted-to.pdf): PD
F inclusion: found PDF version <1.7>, but at most version <1.5> allowed
<figure/pp/DOS_mu0_J0-eps-converted-to.pdf, id=79, 433.62pt x 289.08pt>
File: figure/pp/DOS_mu0_J0-eps-converted-to.pdf Graphic file (type pdf)

<use figure/pp/DOS_mu0_J0-eps-converted-to.pdf>
Package pdftex.def Info: figure/pp/DOS_mu0_J0-eps-converted-to.pdf used on inpu
t line 98.
(pdftex.def)             Requested size: 232.17198pt x 154.78198pt.
Package epstopdf Info: Source file: <figure/pp/DOS_mu0_J.eps>
(epstopdf)                    date: 2018-12-13 15:59:12
(epstopdf)                    size: 66175 bytes
(epstopdf)             Output file: <figure/pp/DOS_mu0_J-eps-converted-to.pdf>
(epstopdf)                    date: 2018-12-13 15:59:23
(epstopdf)                    size: 32476 bytes
(epstopdf)             Command: <repstopdf --outfile=figure/pp/DOS_mu0_J-eps-co
nverted-to.pdf figure/pp/DOS_mu0_J.eps>
(epstopdf)             \includegraphics on input line 102.
Package epstopdf Info: Output file is already uptodate.


pdfTeX warning: pdflatex (file ./figure/pp/DOS_mu0_J-eps-converted-to.pdf): PDF
 inclusion: found PDF version <1.7>, but at most version <1.5> allowed
<figure/pp/DOS_mu0_J-eps-converted-to.pdf, id=80, 433.62pt x 289.08pt>
File: figure/pp/DOS_mu0_J-eps-converted-to.pdf Graphic file (type pdf)

<use figure/pp/DOS_mu0_J-eps-converted-to.pdf>
Package pdftex.def Info: figure/pp/DOS_mu0_J-eps-converted-to.pdf used on input
 line 102.
(pdftex.def)             Requested size: 232.17198pt x 154.78198pt.

Overfull \hbox (11.71094pt too wide) in paragraph at lines 97--104
[]$[]$  $[]$ 
 []

Package epstopdf Info: Source file: <figure/pp/Sigma_mu0_J0.eps>
(epstopdf)                    date: 2018-12-14 15:47:51
(epstopdf)                    size: 228132 bytes
(epstopdf)             Output file: <figure/pp/Sigma_mu0_J0-eps-converted-to.pd
f>
(epstopdf)                    date: 2018-12-14 16:03:35
(epstopdf)                    size: 65877 bytes
(epstopdf)             Command: <repstopdf --outfile=figure/pp/Sigma_mu0_J0-eps
-converted-to.pdf figure/pp/Sigma_mu0_J0.eps>
(epstopdf)             \includegraphics on input line 110.
Package epstopdf Info: Output file is already uptodate.


pdfTeX warning: pdflatex (file ./figure/pp/Sigma_mu0_J0-eps-converted-to.pdf): 
PDF inclusion: found PDF version <1.7>, but at most version <1.5> allowed
<figure/pp/Sigma_mu0_J0-eps-converted-to.pdf, id=81, 433.62pt x 289.08pt>
File: figure/pp/Sigma_mu0_J0-eps-converted-to.pdf Graphic file (type pdf)

<use figure/pp/Sigma_mu0_J0-eps-converted-to.pdf>
Package pdftex.def Info: figure/pp/Sigma_mu0_J0-eps-converted-to.pdf used on in
put line 110.
(pdftex.def)             Requested size: 232.17198pt x 154.78198pt.
Package epstopdf Info: Source file: <figure/pp/Sigma_mu0_J.eps>
(epstopdf)                    date: 2018-12-26 20:38:00
(epstopdf)                    size: 65757 bytes
(epstopdf)             Output file: <figure/pp/Sigma_mu0_J-eps-converted-to.pdf
>
(epstopdf)                    date: 2018-12-26 20:39:22
(epstopdf)                    size: 33252 bytes
(epstopdf)             Command: <repstopdf --outfile=figure/pp/Sigma_mu0_J-eps-
converted-to.pdf figure/pp/Sigma_mu0_J.eps>
(epstopdf)             \includegraphics on input line 114.
Package epstopdf Info: Output file is already uptodate.


pdfTeX warning: pdflatex (file ./figure/pp/Sigma_mu0_J-eps-converted-to.pdf): P
DF inclusion: found PDF version <1.7>, but at most version <1.5> allowed
<figure/pp/Sigma_mu0_J-eps-converted-to.pdf, id=82, 433.62pt x 289.08pt>
File: figure/pp/Sigma_mu0_J-eps-converted-to.pdf Graphic file (type pdf)

<use figure/pp/Sigma_mu0_J-eps-converted-to.pdf>
Package pdftex.def Info: figure/pp/Sigma_mu0_J-eps-converted-to.pdf used on inp
ut line 114.
(pdftex.def)             Requested size: 232.17198pt x 154.78198pt.

Overfull \hbox (11.71094pt too wide) in paragraph at lines 109--116
[]$[]$  $[]$ 
 []

Package epstopdf Info: Source file: <figure/pp/DOS_mu_J0.eps>
(epstopdf)                    date: 2018-12-13 16:01:58
(epstopdf)                    size: 42020 bytes
(epstopdf)             Output file: <figure/pp/DOS_mu_J0-eps-converted-to.pdf>
(epstopdf)                    date: 2018-12-13 16:04:39
(epstopdf)                    size: 18714 bytes
(epstopdf)             Command: <repstopdf --outfile=figure/pp/DOS_mu_J0-eps-co
nverted-to.pdf figure/pp/DOS_mu_J0.eps>
(epstopdf)             \includegraphics on input line 127.
Package epstopdf Info: Output file is already uptodate.


pdfTeX warning: pdflatex (file ./figure/pp/DOS_mu_J0-eps-converted-to.pdf): PDF
 inclusion: found PDF version <1.7>, but at most version <1.5> allowed
<figure/pp/DOS_mu_J0-eps-converted-to.pdf, id=85, 433.62pt x 289.08pt>
File: figure/pp/DOS_mu_J0-eps-converted-to.pdf Graphic file (type pdf)

<use figure/pp/DOS_mu_J0-eps-converted-to.pdf>
Package pdftex.def Info: figure/pp/DOS_mu_J0-eps-converted-to.pdf used on input
 line 127.
(pdftex.def)             Requested size: 232.17198pt x 154.78198pt.
Package epstopdf Info: Source file: <figure/pp/DOS_mu_J.eps>
(epstopdf)                    date: 2018-12-13 16:01:35
(epstopdf)                    size: 61807 bytes
(epstopdf)             Output file: <figure/pp/DOS_mu_J-eps-converted-to.pdf>
(epstopdf)                    date: 2018-12-13 16:04:40
(epstopdf)                    size: 29569 bytes
(epstopdf)             Command: <repstopdf --outfile=figure/pp/DOS_mu_J-eps-con
verted-to.pdf figure/pp/DOS_mu_J.eps>
(epstopdf)             \includegraphics on input line 131.
Package epstopdf Info: Output file is already uptodate.


pdfTeX warning: pdflatex (file ./figure/pp/DOS_mu_J-eps-converted-to.pdf): PDF 
inclusion: found PDF version <1.7>, but at most version <1.5> allowed
<figure/pp/DOS_mu_J-eps-converted-to.pdf, id=86, 433.62pt x 289.08pt>
File: figure/pp/DOS_mu_J-eps-converted-to.pdf Graphic file (type pdf)

<use figure/pp/DOS_mu_J-eps-converted-to.pdf>
Package pdftex.def Info: figure/pp/DOS_mu_J-eps-converted-to.pdf used on input 
line 131.
(pdftex.def)             Requested size: 232.17198pt x 154.78198pt.

Overfull \hbox (11.71094pt too wide) in paragraph at lines 126--133
[]$[]$  $[]$ 
 []


LaTeX Warning: `!h' float specifier changed to `!ht'.

Package epstopdf Info: Source file: <figure/pp/Sigma_mu_J0.eps>
(epstopdf)                    date: 2018-12-14 15:54:48
(epstopdf)                    size: 43794 bytes
(epstopdf)             Output file: <figure/pp/Sigma_mu_J0-eps-converted-to.pdf
>
(epstopdf)                    date: 2018-12-14 16:06:02
(epstopdf)                    size: 17287 bytes
(epstopdf)             Command: <repstopdf --outfile=figure/pp/Sigma_mu_J0-eps-
converted-to.pdf figure/pp/Sigma_mu_J0.eps>
(epstopdf)             \includegraphics on input line 140.
Package epstopdf Info: Output file is already uptodate.


pdfTeX warning: pdflatex (file ./figure/pp/Sigma_mu_J0-eps-converted-to.pdf): P
DF inclusion: found PDF version <1.7>, but at most version <1.5> allowed
<figure/pp/Sigma_mu_J0-eps-converted-to.pdf, id=87, 433.62pt x 289.08pt>
File: figure/pp/Sigma_mu_J0-eps-converted-to.pdf Graphic file (type pdf)

<use figure/pp/Sigma_mu_J0-eps-converted-to.pdf>
Package pdftex.def Info: figure/pp/Sigma_mu_J0-eps-converted-to.pdf used on inp
ut line 140.
(pdftex.def)             Requested size: 232.17198pt x 154.78198pt.
Package epstopdf Info: Source file: <figure/pp/Sigma_mu_J.eps>
(epstopdf)                    date: 2018-12-14 15:52:44
(epstopdf)                    size: 65082 bytes
(epstopdf)             Output file: <figure/pp/Sigma_mu_J-eps-converted-to.pdf>

(epstopdf)                    date: 2018-12-14 16:06:02
(epstopdf)                    size: 26984 bytes
(epstopdf)             Command: <repstopdf --outfile=figure/pp/Sigma_mu_J-eps-c
onverted-to.pdf figure/pp/Sigma_mu_J.eps>
(epstopdf)             \includegraphics on input line 144.
Package epstopdf Info: Output file is already uptodate.


pdfTeX warning: pdflatex (file ./figure/pp/Sigma_mu_J-eps-converted-to.pdf): PD
F inclusion: found PDF version <1.7>, but at most version <1.5> allowed
<figure/pp/Sigma_mu_J-eps-converted-to.pdf, id=88, 433.62pt x 289.08pt>
File: figure/pp/Sigma_mu_J-eps-converted-to.pdf Graphic file (type pdf)

<use figure/pp/Sigma_mu_J-eps-converted-to.pdf>
Package pdftex.def Info: figure/pp/Sigma_mu_J-eps-converted-to.pdf used on inpu
t line 144.
(pdftex.def)             Requested size: 232.17198pt x 154.78198pt.

Overfull \hbox (11.71094pt too wide) in paragraph at lines 139--146
[]$[]$  $[]$ 
 []


LaTeX Warning: `!h' float specifier changed to `!ht'.

[3 <./figure/pp/DOS_mu0_J0-eps-converted-to.pdf> <./figure/pp/DOS_mu0_J-eps-con
verted-to.pdf> <./figure/pp/Sigma_mu0_J0-eps-converted-to.pdf> <./figure/pp/Sig
ma_mu0_J-eps-converted-to.pdf>]
Package epstopdf Info: Source file: <figure/FLEX/DOS_mu0_J0.eps>
(epstopdf)                    date: 2018-12-13 16:03:38
(epstopdf)                    size: 265578 bytes
(epstopdf)             Output file: <figure/FLEX/DOS_mu0_J0-eps-converted-to.pd
f>
(epstopdf)                    date: 2018-12-13 16:04:40
(epstopdf)                    size: 98550 bytes
(epstopdf)             Command: <repstopdf --outfile=figure/FLEX/DOS_mu0_J0-eps
-converted-to.pdf figure/FLEX/DOS_mu0_J0.eps>
(epstopdf)             \includegraphics on input line 155.
Package epstopdf Info: Output file is already uptodate.


pdfTeX warning: pdflatex (file ./figure/FLEX/DOS_mu0_J0-eps-converted-to.pdf): 
PDF inclusion: found PDF version <1.7>, but at most version <1.5> allowed
<figure/FLEX/DOS_mu0_J0-eps-converted-to.pdf, id=121, 433.62pt x 289.08pt>
File: figure/FLEX/DOS_mu0_J0-eps-converted-to.pdf Graphic file (type pdf)

<use figure/FLEX/DOS_mu0_J0-eps-converted-to.pdf>
Package pdftex.def Info: figure/FLEX/DOS_mu0_J0-eps-converted-to.pdf used on in
put line 155.
(pdftex.def)             Requested size: 232.17198pt x 154.78198pt.
Package epstopdf Info: Source file: <figure/FLEX/DOS_mu0_J.eps>
(epstopdf)                    date: 2018-12-17 11:58:46
(epstopdf)                    size: 54780 bytes
(epstopdf)             Output file: <figure/FLEX/DOS_mu0_J-eps-converted-to.pdf
>
(epstopdf)                    date: 2018-12-17 12:00:19
(epstopdf)                    size: 25039 bytes
(epstopdf)             Command: <repstopdf --outfile=figure/FLEX/DOS_mu0_J-eps-
converted-to.pdf figure/FLEX/DOS_mu0_J.eps>
(epstopdf)             \includegraphics on input line 159.
Package epstopdf Info: Output file is already uptodate.


pdfTeX warning: pdflatex (file ./figure/FLEX/DOS_mu0_J-eps-converted-to.pdf): P
DF inclusion: found PDF version <1.7>, but at most version <1.5> allowed
<figure/FLEX/DOS_mu0_J-eps-converted-to.pdf, id=122, 433.62pt x 289.08pt>
File: figure/FLEX/DOS_mu0_J-eps-converted-to.pdf Graphic file (type pdf)

<use figure/FLEX/DOS_mu0_J-eps-converted-to.pdf>
Package pdftex.def Info: figure/FLEX/DOS_mu0_J-eps-converted-to.pdf used on inp
ut line 159.
(pdftex.def)             Requested size: 232.17198pt x 154.78198pt.

Overfull \hbox (11.71094pt too wide) in paragraph at lines 154--161
[]$[]$  $[]$ 
 []

Package epstopdf Info: Source file: <figure/FLEX/Sigma_mu0_J0.eps>
(epstopdf)                    date: 2018-12-14 15:58:36
(epstopdf)                    size: 223409 bytes
(epstopdf)             Output file: <figure/FLEX/Sigma_mu0_J0-eps-converted-to.
pdf>
(epstopdf)                    date: 2018-12-14 16:04:44
(epstopdf)                    size: 63871 bytes
(epstopdf)             Command: <repstopdf --outfile=figure/FLEX/Sigma_mu0_J0-e
ps-converted-to.pdf figure/FLEX/Sigma_mu0_J0.eps>
(epstopdf)             \includegraphics on input line 169.
Package epstopdf Info: Output file is already uptodate.


pdfTeX warning: pdflatex (file ./figure/FLEX/Sigma_mu0_J0-eps-converted-to.pdf)
: PDF inclusion: found PDF version <1.7>, but at most version <1.5> allowed
<figure/FLEX/Sigma_mu0_J0-eps-converted-to.pdf, id=124, 433.62pt x 289.08pt>
File: figure/FLEX/Sigma_mu0_J0-eps-converted-to.pdf Graphic file (type pdf)

<use figure/FLEX/Sigma_mu0_J0-eps-converted-to.pdf>
Package pdftex.def Info: figure/FLEX/Sigma_mu0_J0-eps-converted-to.pdf used on 
input line 169.
(pdftex.def)             Requested size: 232.17198pt x 154.78198pt.
Package epstopdf Info: Source file: <figure/FLEX/Sigma_mu0_J.eps>
(epstopdf)                    date: 2018-12-26 20:39:01
(epstopdf)                    size: 54494 bytes
(epstopdf)             Output file: <figure/FLEX/Sigma_mu0_J-eps-converted-to.p
df>
(epstopdf)                    date: 2018-12-26 20:39:22
(epstopdf)                    size: 26951 bytes
(epstopdf)             Command: <repstopdf --outfile=figure/FLEX/Sigma_mu0_J-ep
s-converted-to.pdf figure/FLEX/Sigma_mu0_J.eps>
(epstopdf)             \includegraphics on input line 173.
Package epstopdf Info: Output file is already uptodate.


pdfTeX warning: pdflatex (file ./figure/FLEX/Sigma_mu0_J-eps-converted-to.pdf):
 PDF inclusion: found PDF version <1.7>, but at most version <1.5> allowed
<figure/FLEX/Sigma_mu0_J-eps-converted-to.pdf, id=125, 433.62pt x 289.08pt>
File: figure/FLEX/Sigma_mu0_J-eps-converted-to.pdf Graphic file (type pdf)

<use figure/FLEX/Sigma_mu0_J-eps-converted-to.pdf>
Package pdftex.def Info: figure/FLEX/Sigma_mu0_J-eps-converted-to.pdf used on i
nput line 173.
(pdftex.def)             Requested size: 232.17198pt x 154.78198pt.

Overfull \hbox (11.71094pt too wide) in paragraph at lines 168--175
[]$[]$  $[]$ 
 []

[4 <./figure/pp/DOS_mu_J0-eps-converted-to.pdf> <./figure/pp/DOS_mu_J-eps-conve
rted-to.pdf> <./figure/pp/Sigma_mu_J0-eps-converted-to.pdf> <./figure/pp/Sigma_
mu_J-eps-converted-to.pdf> <./figure/FLEX/DOS_mu0_J0-eps-converted-to.pdf> <./f
igure/FLEX/DOS_mu0_J-eps-converted-to.pdf>]
Package epstopdf Info: Source file: <figure/FLEX/DOS_mu_J0.eps>
(epstopdf)                    date: 2018-12-13 16:04:32
(epstopdf)                    size: 42308 bytes
(epstopdf)             Output file: <figure/FLEX/DOS_mu_J0-eps-converted-to.pdf
>
(epstopdf)                    date: 2018-12-13 16:04:41
(epstopdf)                    size: 18747 bytes
(epstopdf)             Command: <repstopdf --outfile=figure/FLEX/DOS_mu_J0-eps-
converted-to.pdf figure/FLEX/DOS_mu_J0.eps>
(epstopdf)             \includegraphics on input line 182.
Package epstopdf Info: Output file is already uptodate.


pdfTeX warning: pdflatex (file ./figure/FLEX/DOS_mu_J0-eps-converted-to.pdf): P
DF inclusion: found PDF version <1.7>, but at most version <1.5> allowed
<figure/FLEX/DOS_mu_J0-eps-converted-to.pdf, id=162, 433.62pt x 289.08pt>
File: figure/FLEX/DOS_mu_J0-eps-converted-to.pdf Graphic file (type pdf)

<use figure/FLEX/DOS_mu_J0-eps-converted-to.pdf>
Package pdftex.def Info: figure/FLEX/DOS_mu_J0-eps-converted-to.pdf used on inp
ut line 182.
(pdftex.def)             Requested size: 232.17198pt x 154.78198pt.
Package epstopdf Info: Source file: <figure/FLEX/DOS_mu_J.eps>
(epstopdf)                    date: 2018-12-17 11:25:20
(epstopdf)                    size: 62299 bytes
(epstopdf)             Output file: <figure/FLEX/DOS_mu_J-eps-converted-to.pdf>

(epstopdf)                    date: 2018-12-17 11:28:09
(epstopdf)                    size: 29331 bytes
(epstopdf)             Command: <repstopdf --outfile=figure/FLEX/DOS_mu_J-eps-c
onverted-to.pdf figure/FLEX/DOS_mu_J.eps>
(epstopdf)             \includegraphics on input line 186.
Package epstopdf Info: Output file is already uptodate.


pdfTeX warning: pdflatex (file ./figure/FLEX/DOS_mu_J-eps-converted-to.pdf): PD
F inclusion: found PDF version <1.7>, but at most version <1.5> allowed
<figure/FLEX/DOS_mu_J-eps-converted-to.pdf, id=163, 433.62pt x 289.08pt>
File: figure/FLEX/DOS_mu_J-eps-converted-to.pdf Graphic file (type pdf)

<use figure/FLEX/DOS_mu_J-eps-converted-to.pdf>
Package pdftex.def Info: figure/FLEX/DOS_mu_J-eps-converted-to.pdf used on inpu
t line 186.
(pdftex.def)             Requested size: 232.17198pt x 154.78198pt.

Overfull \hbox (11.71094pt too wide) in paragraph at lines 181--188
[]$[]$  $[]$ 
 []

Package epstopdf Info: Source file: <figure/FLEX/Sigma_mu_J0.eps>
(epstopdf)                    date: 2018-12-14 16:00:08
(epstopdf)                    size: 43678 bytes
(epstopdf)             Output file: <figure/FLEX/Sigma_mu_J0-eps-converted-to.p
df>
(epstopdf)                    date: 2018-12-14 16:07:41
(epstopdf)                    size: 16496 bytes
(epstopdf)             Command: <repstopdf --outfile=figure/FLEX/Sigma_mu_J0-ep
s-converted-to.pdf figure/FLEX/Sigma_mu_J0.eps>
(epstopdf)             \includegraphics on input line 195.
Package epstopdf Info: Output file is already uptodate.


pdfTeX warning: pdflatex (file ./figure/FLEX/Sigma_mu_J0-eps-converted-to.pdf):
 PDF inclusion: found PDF version <1.7>, but at most version <1.5> allowed
<figure/FLEX/Sigma_mu_J0-eps-converted-to.pdf, id=164, 433.62pt x 289.08pt>
File: figure/FLEX/Sigma_mu_J0-eps-converted-to.pdf Graphic file (type pdf)

<use figure/FLEX/Sigma_mu_J0-eps-converted-to.pdf>
Package pdftex.def Info: figure/FLEX/Sigma_mu_J0-eps-converted-to.pdf used on i
nput line 195.
(pdftex.def)             Requested size: 232.17198pt x 154.78198pt.
Package epstopdf Info: Source file: <figure/FLEX/Sigma_mu_J.eps>
(epstopdf)                    date: 2018-12-17 11:26:25
(epstopdf)                    size: 64863 bytes
(epstopdf)             Output file: <figure/FLEX/Sigma_mu_J-eps-converted-to.pd
f>
(epstopdf)                    date: 2018-12-17 11:28:09
(epstopdf)                    size: 26528 bytes
(epstopdf)             Command: <repstopdf --outfile=figure/FLEX/Sigma_mu_J-eps
-converted-to.pdf figure/FLEX/Sigma_mu_J.eps>
(epstopdf)             \includegraphics on input line 199.
Package epstopdf Info: Output file is already uptodate.


pdfTeX warning: pdflatex (file ./figure/FLEX/Sigma_mu_J-eps-converted-to.pdf): 
PDF inclusion: found PDF version <1.7>, but at most version <1.5> allowed
<figure/FLEX/Sigma_mu_J-eps-converted-to.pdf, id=165, 433.62pt x 289.08pt>
File: figure/FLEX/Sigma_mu_J-eps-converted-to.pdf Graphic file (type pdf)

<use figure/FLEX/Sigma_mu_J-eps-converted-to.pdf>
Package pdftex.def Info: figure/FLEX/Sigma_mu_J-eps-converted-to.pdf used on in
put line 199.
(pdftex.def)             Requested size: 232.17198pt x 154.78198pt.

Overfull \hbox (11.71094pt too wide) in paragraph at lines 194--201
[]$[]$  $[]$ 
 []

[5 <./figure/FLEX/Sigma_mu0_J0-eps-converted-to.pdf> <./figure/FLEX/Sigma_mu0_J
-eps-converted-to.pdf> <./figure/FLEX/DOS_mu_J0-eps-converted-to.pdf> <./figure
/FLEX/DOS_mu_J-eps-converted-to.pdf> <./figure/FLEX/Sigma_mu_J0-eps-converted-t
o.pdf> <./figure/FLEX/Sigma_mu_J-eps-converted-to.pdf>]
Package epstopdf Info: Source file: <figure/Z.eps>
(epstopdf)                    date: 2018-12-17 11:14:39
(epstopdf)                    size: 27631 bytes
(epstopdf)             Output file: <figure/Z-eps-converted-to.pdf>
(epstopdf)                    date: 2018-12-17 11:14:54
(epstopdf)                    size: 11241 bytes
(epstopdf)             Command: <repstopdf --outfile=figure/Z-eps-converted-to.
pdf figure/Z.eps>
(epstopdf)             \includegraphics on input line 220.
Package epstopdf Info: Output file is already uptodate.


pdfTeX warning: pdflatex (file ./figure/Z-eps-converted-to.pdf): PDF inclusion:
 found PDF version <1.7>, but at most version <1.5> allowed
<figure/Z-eps-converted-to.pdf, id=209, 433.62pt x 289.08pt>
File: figure/Z-eps-converted-to.pdf Graphic file (type pdf)

<use figure/Z-eps-converted-to.pdf>
Package pdftex.def Info: figure/Z-eps-converted-to.pdf used on input line 220.
(pdftex.def)             Requested size: 364.19667pt x 242.80789pt.
Package epstopdf Info: Source file: <figure/Z_J.eps>
(epstopdf)                    date: 2018-12-26 16:11:27
(epstopdf)                    size: 27858 bytes
(epstopdf)             Output file: <figure/Z_J-eps-converted-to.pdf>
(epstopdf)                    date: 2018-12-26 16:20:44
(epstopdf)                    size: 9784 bytes
(epstopdf)             Command: <repstopdf --outfile=figure/Z_J-eps-converted-t
o.pdf figure/Z_J.eps>
(epstopdf)             \includegraphics on input line 233.
Package epstopdf Info: Output file is already uptodate.


pdfTeX warning: pdflatex (file ./figure/Z_J-eps-converted-to.pdf): PDF inclusio
n: found PDF version <1.7>, but at most version <1.5> allowed
<figure/Z_J-eps-converted-to.pdf, id=213, 433.62pt x 289.08pt>
File: figure/Z_J-eps-converted-to.pdf Graphic file (type pdf)

<use figure/Z_J-eps-converted-to.pdf>
Package pdftex.def Info: figure/Z_J-eps-converted-to.pdf used on input line 233
.
(pdftex.def)             Requested size: 232.17198pt x 154.78198pt.
Package epstopdf Info: Source file: <figure/Z_J_n025.eps>
(epstopdf)                    date: 2018-12-26 16:17:15
(epstopdf)                    size: 27359 bytes
(epstopdf)             Output file: <figure/Z_J_n025-eps-converted-to.pdf>
(epstopdf)                    date: 2018-12-26 16:21:00
(epstopdf)                    size: 8965 bytes
(epstopdf)             Command: <repstopdf --outfile=figure/Z_J_n025-eps-conver
ted-to.pdf figure/Z_J_n025.eps>
(epstopdf)             \includegraphics on input line 237.
Package epstopdf Info: Output file is already uptodate.


pdfTeX warning: pdflatex (file ./figure/Z_J_n025-eps-converted-to.pdf): PDF inc
lusion: found PDF version <1.7>, but at most version <1.5> allowed
<figure/Z_J_n025-eps-converted-to.pdf, id=214, 433.62pt x 289.08pt>
File: figure/Z_J_n025-eps-converted-to.pdf Graphic file (type pdf)

<use figure/Z_J_n025-eps-converted-to.pdf>
Package pdftex.def Info: figure/Z_J_n025-eps-converted-to.pdf used on input lin
e 237.
(pdftex.def)             Requested size: 232.17198pt x 154.78198pt.

Overfull \hbox (11.71094pt too wide) in paragraph at lines 232--239
[]$[]$  $[]$ 
 []


LaTeX Warning: `!h' float specifier changed to `!ht'.

[6 <./figure/Z-eps-converted-to.pdf>]
Package epstopdf Info: Source file: <figure/scr_U_A3.eps>
(epstopdf)                    date: 2018-12-25 19:51:50
(epstopdf)                    size: 98015 bytes
(epstopdf)             Output file: <figure/scr_U_A3-eps-converted-to.pdf>
(epstopdf)                    date: 2018-12-25 19:52:08
(epstopdf)                    size: 21845 bytes
(epstopdf)             Command: <repstopdf --outfile=figure/scr_U_A3-eps-conver
ted-to.pdf figure/scr_U_A3.eps>
(epstopdf)             \includegraphics on input line 253.
Package epstopdf Info: Output file is already uptodate.


pdfTeX warning: pdflatex (file ./figure/scr_U_A3-eps-converted-to.pdf): PDF inc
lusion: found PDF version <1.7>, but at most version <1.5> allowed
<figure/scr_U_A3-eps-converted-to.pdf, id=227, 433.62pt x 289.08pt>
File: figure/scr_U_A3-eps-converted-to.pdf Graphic file (type pdf)

<use figure/scr_U_A3-eps-converted-to.pdf>
Package pdftex.def Info: figure/scr_U_A3-eps-converted-to.pdf used on input lin
e 253.
(pdftex.def)             Requested size: 232.17198pt x 154.78198pt.
Package epstopdf Info: Source file: <figure/E_tot_A3.eps>
(epstopdf)                    date: 2018-12-25 19:51:53
(epstopdf)                    size: 97658 bytes
(epstopdf)             Output file: <figure/E_tot_A3-eps-converted-to.pdf>
(epstopdf)                    date: 2018-12-25 19:52:08
(epstopdf)                    size: 19646 bytes
(epstopdf)             Command: <repstopdf --outfile=figure/E_tot_A3-eps-conver
ted-to.pdf figure/E_tot_A3.eps>
(epstopdf)             \includegraphics on input line 257.
Package epstopdf Info: Output file is already uptodate.


pdfTeX warning: pdflatex (file ./figure/E_tot_A3-eps-converted-to.pdf): PDF inc
lusion: found PDF version <1.7>, but at most version <1.5> allowed
<figure/E_tot_A3-eps-converted-to.pdf, id=228, 433.62pt x 289.08pt>
File: figure/E_tot_A3-eps-converted-to.pdf Graphic file (type pdf)

<use figure/E_tot_A3-eps-converted-to.pdf>
Package pdftex.def Info: figure/E_tot_A3-eps-converted-to.pdf used on input lin
e 257.
(pdftex.def)             Requested size: 232.17198pt x 154.78198pt.

Overfull \hbox (11.71094pt too wide) in paragraph at lines 252--259
[]$[]$  $[]$ 
 []

[7 <./figure/Z_J-eps-converted-to.pdf> <./figure/Z_J_n025-eps-converted-to.pdf>
 <./figure/scr_U_A3-eps-converted-to.pdf> <./figure/E_tot_A3-eps-converted-to.p
df>] [8]
Overfull \hbox (4.7083pt too wide) detected at line 458
[]\OML/cmm/m/it/12 V[]\OT1/cmr/m/n/12 (\OML/cmm/m/it/12 t; t[]\OT1/cmr/m/n/12 )
 = [][\OML/cmm/m/it/12 U[]\OT1/cmr/m/n/12 (\OML/cmm/m/it/12 t\OT1/cmr/m/n/12 ) 
\OMS/cmsy/m/n/12 ^^C \OT1/cmr/m/n/12 (\OML/cmm/m/it/12 D\OT1/cmr/m/n/12 (\OML/c
mm/m/it/12 t; t[]\OT1/cmr/m/n/12 ) \OMS/cmsy/m/n/12 ^^@ \OML/cmm/m/it/12 ^^_[]\
OT1/cmr/m/n/12 (\OML/cmm/m/it/12 t; t[]\OT1/cmr/m/n/12 )) \OMS/cmsy/m/n/12 ^^C 
\OML/cmm/m/it/12 U[]\OT1/cmr/m/n/12 (\OML/cmm/m/it/12 t[]\OT1/cmr/m/n/12 )] + [
][\OML/cmm/m/it/12 U[]\OT1/cmr/m/n/12 (\OML/cmm/m/it/12 t\OT1/cmr/m/n/12 ) \OMS
/cmsy/m/n/12 ^^C \OT1/cmr/m/n/12 (\OML/cmm/m/it/12 M\OT1/cmr/m/n/12 (\OML/cmm/m
/it/12 t; t[]\OT1/cmr/m/n/12 ) \OMS/cmsy/m/n/12 ^^@ \OML/cmm/m/it/12 ^^_[]\OT1/
cmr/m/n/12 (\OML/cmm/m/it/12 t; t[]\OT1/cmr/m/n/12 )) \OMS/cmsy/m/n/12 ^^C \OML
/cmm/m/it/12 U[]\OT1/cmr/m/n/12 (\OML/cmm/m/it/12 t[]\OT1/cmr/m/n/12 )]
 []

[9] [10]) (./log.bbl)
Package atveryend Info: Empty hook `BeforeClearDocument' on input line 67.
 [11


]
Package atveryend Info: Empty hook `AfterLastShipout' on input line 67.
 (./log.aux)
Package atveryend Info: Executing hook `AtVeryEndDocument' on input line 67.
Package atveryend Info: Executing hook `AtEndAfterFileList' on input line 67.
Package rerunfilecheck Info: File `log.out' has not changed.
(rerunfilecheck)             Checksum: 4350C79DD85F58F96F58453A50A16080;455.
Package atveryend Info: Empty hook `AtVeryVeryEnd' on input line 67.
 ) 
Here is how much of TeX's memory you used:
 8865 strings out of 493029
 130366 string characters out of 6136233
 339645 words of memory out of 5000000
 12201 multiletter control sequences out of 15000+600000
 10763 words of font info for 39 fonts, out of 8000000 for 9000
 1141 hyphenation exceptions out of 8191
 42i,17n,43p,751b,358s stack positions out of 5000i,500n,10000p,200000b,80000s
</usr/share/texlive/texmf-dist/fonts/type1/public/amsfonts/cm/cmbx12.pfb></us
r/share/texlive/texmf-dist/fonts/type1/public/amsfonts/cm/cmbx8.pfb></usr/share
/texlive/texmf-dist/fonts/type1/public/amsfonts/cm/cmex10.pfb></usr/share/texli
ve/texmf-dist/fonts/type1/public/amsfonts/cm/cmmi12.pfb></usr/share/texlive/tex
mf-dist/fonts/type1/public/amsfonts/cm/cmmi6.pfb></usr/share/texlive/texmf-dist
/fonts/type1/public/amsfonts/cm/cmmi8.pfb></usr/share/texlive/texmf-dist/fonts/
type1/public/amsfonts/cm/cmr12.pfb></usr/share/texlive/texmf-dist/fonts/type1/p
ublic/amsfonts/cm/cmr17.pfb></usr/share/texlive/texmf-dist/fonts/type1/public/a
msfonts/cm/cmr8.pfb></usr/share/texlive/texmf-dist/fonts/type1/public/amsfonts/
cm/cmsy10.pfb></usr/share/texlive/texmf-dist/fonts/type1/public/amsfonts/cm/cms
y6.pfb></usr/share/texlive/texmf-dist/fonts/type1/public/amsfonts/cm/cmsy8.pfb>
</usr/share/texlive/texmf-dist/fonts/type1/public/amsfonts/cm/cmti12.pfb></usr/
share/texlive/texmf-dist/fonts/type1/public/amsfonts/cm/cmtt12.pfb>
Output written on log.pdf (11 pages, 823411 bytes).
PDF statistics:
 388 PDF objects out of 1000 (max. 8388607)
 315 compressed objects within 4 object streams
 82 named destinations out of 1000 (max. 500000)
 146 words of extra memory for PDF output out of 10000 (max. 10000000)

