This is pdfTeX, Version 3.14159265-2.6-1.40.16 (TeX Live 2015/Debian) (preloaded format=pdflatex 2018.10.12)  13 JUN 2019 17:46
entering extended mode
 restricted \write18 enabled.
 %&-line parsing enabled.
**log.tex
(./log.tex
LaTeX2e <2016/02/01>
Babel <3.9q> and hyphenation patterns for 81 language(s) loaded.
(/usr/share/texlive/texmf-dist/tex/latex/base/article.cls
Document Class: article 2014/09/29 v1.4h Standard LaTeX document class
(/usr/share/texlive/texmf-dist/tex/latex/base/size12.clo
File: size12.clo 2014/09/29 v1.4h Standard LaTeX file (size option)
)
\c@part=\count79
\c@section=\count80
\c@subsection=\count81
\c@subsubsection=\count82
\c@paragraph=\count83
\c@subparagraph=\count84
\c@figure=\count85
\c@table=\count86
\abovecaptionskip=\skip41
\belowcaptionskip=\skip42
\bibindent=\dimen102
)
(/usr/share/texlive/texmf-dist/tex/latex/geometry/geometry.sty
Package: geometry 2010/09/12 v5.6 Page Geometry

(/usr/share/texlive/texmf-dist/tex/latex/graphics/keyval.sty
Package: keyval 2014/10/28 v1.15 key=value parser (DPC)
\KV@toks@=\toks14
)
(/usr/share/texlive/texmf-dist/tex/generic/oberdiek/ifpdf.sty
Package: ifpdf 2011/01/30 v2.3 Provides the ifpdf switch (HO)
Package ifpdf Info: pdfTeX in PDF mode is detected.
)
(/usr/share/texlive/texmf-dist/tex/generic/oberdiek/ifvtex.sty
Package: ifvtex 2010/03/01 v1.5 Detect VTeX and its facilities (HO)
Package ifvtex Info: VTeX not detected.
)
(/usr/share/texlive/texmf-dist/tex/generic/ifxetex/ifxetex.sty
Package: ifxetex 2010/09/12 v0.6 Provides ifxetex conditional
)
\Gm@cnth=\count87
\Gm@cntv=\count88
\c@Gm@tempcnt=\count89
\Gm@bindingoffset=\dimen103
\Gm@wd@mp=\dimen104
\Gm@odd@mp=\dimen105
\Gm@even@mp=\dimen106
\Gm@layoutwidth=\dimen107
\Gm@layoutheight=\dimen108
\Gm@layouthoffset=\dimen109
\Gm@layoutvoffset=\dimen110
\Gm@dimlist=\toks15
)
(/usr/share/texlive/texmf-dist/tex/latex/placeins/placeins.sty
Package: placeins 2005/04/18  v 2.2
)
(/usr/share/texlive/texmf-dist/tex/latex/amsfonts/amssymb.sty
Package: amssymb 2013/01/14 v3.01 AMS font symbols

(/usr/share/texlive/texmf-dist/tex/latex/amsfonts/amsfonts.sty
Package: amsfonts 2013/01/14 v3.01 Basic AMSFonts support
\@emptytoks=\toks16
\symAMSa=\mathgroup4
\symAMSb=\mathgroup5
LaTeX Font Info:    Overwriting math alphabet `\mathfrak' in version `bold'
(Font)                  U/euf/m/n --> U/euf/b/n on input line 106.
))
(/usr/share/texlive/texmf-dist/tex/latex/amsmath/amsmath.sty
Package: amsmath 2016/03/03 v2.15a AMS math features
\@mathmargin=\skip43

For additional information on amsmath, use the `?' option.
(/usr/share/texlive/texmf-dist/tex/latex/amsmath/amstext.sty
Package: amstext 2000/06/29 v2.01 AMS text

(/usr/share/texlive/texmf-dist/tex/latex/amsmath/amsgen.sty
File: amsgen.sty 1999/11/30 v2.0 generic functions
\@emptytoks=\toks17
\ex@=\dimen111
))
(/usr/share/texlive/texmf-dist/tex/latex/amsmath/amsbsy.sty
Package: amsbsy 1999/11/29 v1.2d Bold Symbols
\pmbraise@=\dimen112
)
(/usr/share/texlive/texmf-dist/tex/latex/amsmath/amsopn.sty
Package: amsopn 1999/12/14 v2.01 operator names
)
\inf@bad=\count90
LaTeX Info: Redefining \frac on input line 199.
\uproot@=\count91
\leftroot@=\count92
LaTeX Info: Redefining \overline on input line 297.
\classnum@=\count93
\DOTSCASE@=\count94
LaTeX Info: Redefining \ldots on input line 394.
LaTeX Info: Redefining \dots on input line 397.
LaTeX Info: Redefining \cdots on input line 518.
\Mathstrutbox@=\box26
\strutbox@=\box27
\big@size=\dimen113
LaTeX Font Info:    Redeclaring font encoding OML on input line 630.
LaTeX Font Info:    Redeclaring font encoding OMS on input line 631.
\macc@depth=\count95
\c@MaxMatrixCols=\count96
\dotsspace@=\muskip10
\c@parentequation=\count97
\dspbrk@lvl=\count98
\tag@help=\toks18
\row@=\count99
\column@=\count100
\maxfields@=\count101
\andhelp@=\toks19
\eqnshift@=\dimen114
\alignsep@=\dimen115
\tagshift@=\dimen116
\tagwidth@=\dimen117
\totwidth@=\dimen118
\lineht@=\dimen119
\@envbody=\toks20
\multlinegap=\skip44
\multlinetaggap=\skip45
\mathdisplay@stack=\toks21
LaTeX Info: Redefining \[ on input line 2735.
LaTeX Info: Redefining \] on input line 2736.
)
(/usr/share/texlive/texmf-dist/tex/latex/graphics/graphicx.sty
Package: graphicx 2014/10/28 v1.0g Enhanced LaTeX Graphics (DPC,SPQR)

(/usr/share/texlive/texmf-dist/tex/latex/graphics/graphics.sty
Package: graphics 2016/01/03 v1.0q Standard LaTeX Graphics (DPC,SPQR)

(/usr/share/texlive/texmf-dist/tex/latex/graphics/trig.sty
Package: trig 2016/01/03 v1.10 sin cos tan (DPC)
)
(/usr/share/texlive/texmf-dist/tex/latex/latexconfig/graphics.cfg
File: graphics.cfg 2010/04/23 v1.9 graphics configuration of TeX Live
)
Package graphics Info: Driver file: pdftex.def on input line 95.

(/usr/share/texlive/texmf-dist/tex/latex/pdftex-def/pdftex.def
File: pdftex.def 2011/05/27 v0.06d Graphics/color for pdfTeX

(/usr/share/texlive/texmf-dist/tex/generic/oberdiek/infwarerr.sty
Package: infwarerr 2010/04/08 v1.3 Providing info/warning/error messages (HO)
)
(/usr/share/texlive/texmf-dist/tex/generic/oberdiek/ltxcmds.sty
Package: ltxcmds 2011/11/09 v1.22 LaTeX kernel commands for general use (HO)
)
\Gread@gobject=\count102
))
\Gin@req@height=\dimen120
\Gin@req@width=\dimen121
)
(/usr/share/texlive/texmf-dist/tex/latex/graphics/color.sty
Package: color 2016/01/03 v1.1b Standard LaTeX Color (DPC)

(/usr/share/texlive/texmf-dist/tex/latex/latexconfig/color.cfg
File: color.cfg 2007/01/18 v1.5 color configuration of teTeX/TeXLive
)
Package color Info: Driver file: pdftex.def on input line 143.
)
(/usr/share/texlive/texmf-dist/tex/latex/jknapltx/mathrsfs.sty
Package: mathrsfs 1996/01/01 Math RSFS package v1.0 (jk)
\symrsfs=\mathgroup6
)
(/usr/share/texlive/texmf-dist/tex/latex/bbm-macros/bbm.sty
Package: bbm 1999/03/15 V 1.2 provides fonts for set symbols - TH
LaTeX Font Info:    Overwriting math alphabet `\mathbbm' in version `bold'
(Font)                  U/bbm/m/n --> U/bbm/bx/n on input line 33.
LaTeX Font Info:    Overwriting math alphabet `\mathbbmss' in version `bold'
(Font)                  U/bbmss/m/n --> U/bbmss/bx/n on input line 35.
)
(/usr/share/texlive/texmf-dist/tex/latex/comment/comment.sty
\CommentStream=\write3

Excluding comment 'comment')
(/usr/share/texlive/texmf-dist/tex/latex/txfonts/txfonts.sty
Package: txfonts 2008/01/22 v3.2.1
LaTeX Font Info:    Redeclaring symbol font `operators' on input line 21.
LaTeX Font Info:    Overwriting symbol font `operators' in version `normal'
(Font)                  OT1/cmr/m/n --> OT1/txr/m/n on input line 21.
LaTeX Font Info:    Overwriting symbol font `operators' in version `bold'
(Font)                  OT1/cmr/bx/n --> OT1/txr/m/n on input line 21.
LaTeX Font Info:    Overwriting symbol font `operators' in version `bold'
(Font)                  OT1/txr/m/n --> OT1/txr/bx/n on input line 22.
\symitalic=\mathgroup7
LaTeX Font Info:    Overwriting symbol font `italic' in version `bold'
(Font)                  OT1/txr/m/it --> OT1/txr/bx/it on input line 26.
LaTeX Font Info:    Redeclaring math alphabet \mathbf on input line 29.
LaTeX Font Info:    Overwriting math alphabet `\mathbf' in version `normal'
(Font)                  OT1/cmr/bx/n --> OT1/txr/bx/n on input line 29.
LaTeX Font Info:    Overwriting math alphabet `\mathbf' in version `bold'
(Font)                  OT1/cmr/bx/n --> OT1/txr/bx/n on input line 29.
LaTeX Font Info:    Redeclaring math alphabet \mathit on input line 30.
LaTeX Font Info:    Overwriting math alphabet `\mathit' in version `normal'
(Font)                  OT1/cmr/m/it --> OT1/txr/m/it on input line 30.
LaTeX Font Info:    Overwriting math alphabet `\mathit' in version `bold'
(Font)                  OT1/cmr/bx/it --> OT1/txr/m/it on input line 30.
LaTeX Font Info:    Overwriting math alphabet `\mathit' in version `bold'
(Font)                  OT1/txr/m/it --> OT1/txr/bx/it on input line 31.
LaTeX Font Info:    Redeclaring math alphabet \mathsf on input line 40.
LaTeX Font Info:    Overwriting math alphabet `\mathsf' in version `normal'
(Font)                  OT1/cmss/m/n --> OT1/txss/m/n on input line 40.
LaTeX Font Info:    Overwriting math alphabet `\mathsf' in version `bold'
(Font)                  OT1/cmss/bx/n --> OT1/txss/m/n on input line 40.
LaTeX Font Info:    Overwriting math alphabet `\mathsf' in version `bold'
(Font)                  OT1/txss/m/n --> OT1/txss/b/n on input line 41.
LaTeX Font Info:    Redeclaring math alphabet \mathtt on input line 50.
LaTeX Font Info:    Overwriting math alphabet `\mathtt' in version `normal'
(Font)                  OT1/cmtt/m/n --> OT1/txtt/m/n on input line 50.
LaTeX Font Info:    Overwriting math alphabet `\mathtt' in version `bold'
(Font)                  OT1/cmtt/m/n --> OT1/txtt/m/n on input line 50.
LaTeX Font Info:    Overwriting math alphabet `\mathtt' in version `bold'
(Font)                  OT1/txtt/m/n --> OT1/txtt/b/n on input line 51.
LaTeX Font Info:    Redeclaring symbol font `letters' on input line 58.
LaTeX Font Info:    Overwriting symbol font `letters' in version `normal'
(Font)                  OML/cmm/m/it --> OML/txmi/m/it on input line 58.
LaTeX Font Info:    Overwriting symbol font `letters' in version `bold'
(Font)                  OML/cmm/b/it --> OML/txmi/m/it on input line 58.
LaTeX Font Info:    Overwriting symbol font `letters' in version `bold'
(Font)                  OML/txmi/m/it --> OML/txmi/bx/it on input line 59.
\symlettersA=\mathgroup8
LaTeX Font Info:    Overwriting symbol font `lettersA' in version `bold'
(Font)                  U/txmia/m/it --> U/txmia/bx/it on input line 67.
LaTeX Font Info:    Redeclaring math alphabet \mathfrak on input line 70.
LaTeX Font Info:    Redeclaring symbol font `symbols' on input line 77.
LaTeX Font Info:    Overwriting symbol font `symbols' in version `normal'
(Font)                  OMS/cmsy/m/n --> OMS/txsy/m/n on input line 77.
LaTeX Font Info:    Overwriting symbol font `symbols' in version `bold'
(Font)                  OMS/cmsy/b/n --> OMS/txsy/m/n on input line 77.
LaTeX Font Info:    Overwriting symbol font `symbols' in version `bold'
(Font)                  OMS/txsy/m/n --> OMS/txsy/bx/n on input line 78.
LaTeX Font Info:    Redeclaring symbol font `AMSa' on input line 93.
LaTeX Font Info:    Overwriting symbol font `AMSa' in version `normal'
(Font)                  U/msa/m/n --> U/txsya/m/n on input line 93.
LaTeX Font Info:    Overwriting symbol font `AMSa' in version `bold'
(Font)                  U/msa/m/n --> U/txsya/m/n on input line 93.
LaTeX Font Info:    Overwriting symbol font `AMSa' in version `bold'
(Font)                  U/txsya/m/n --> U/txsya/bx/n on input line 94.
LaTeX Font Info:    Redeclaring symbol font `AMSb' on input line 102.
LaTeX Font Info:    Overwriting symbol font `AMSb' in version `normal'
(Font)                  U/msb/m/n --> U/txsyb/m/n on input line 102.
LaTeX Font Info:    Overwriting symbol font `AMSb' in version `bold'
(Font)                  U/msb/m/n --> U/txsyb/m/n on input line 102.
LaTeX Font Info:    Overwriting symbol font `AMSb' in version `bold'
(Font)                  U/txsyb/m/n --> U/txsyb/bx/n on input line 103.
\symsymbolsC=\mathgroup9
LaTeX Font Info:    Overwriting symbol font `symbolsC' in version `bold'
(Font)                  U/txsyc/m/n --> U/txsyc/bx/n on input line 113.
LaTeX Font Info:    Redeclaring symbol font `largesymbols' on input line 120.
LaTeX Font Info:    Overwriting symbol font `largesymbols' in version `normal'
(Font)                  OMX/cmex/m/n --> OMX/txex/m/n on input line 120.
LaTeX Font Info:    Overwriting symbol font `largesymbols' in version `bold'
(Font)                  OMX/cmex/m/n --> OMX/txex/m/n on input line 120.
LaTeX Font Info:    Overwriting symbol font `largesymbols' in version `bold'
(Font)                  OMX/txex/m/n --> OMX/txex/bx/n on input line 121.
\symlargesymbolsA=\mathgroup10
LaTeX Font Info:    Overwriting symbol font `largesymbolsA' in version `bold'
(Font)                  U/txexa/m/n --> U/txexa/bx/n on input line 129.
LaTeX Info: Redefining \not on input line 1043.
)
LaTeX Font Info:    Redeclaring symbol font `symbols' on input line 72.
LaTeX Font Info:    Overwriting symbol font `symbols' in version `normal'
(Font)                  OMS/txsy/m/n --> OMS/cmsy/m/n on input line 72.
LaTeX Font Info:    Overwriting symbol font `symbols' in version `bold'
(Font)                  OMS/txsy/bx/n --> OMS/cmsy/m/n on input line 72.
LaTeX Font Info:    Redeclaring symbol font `largesymbols' on input line 73.
LaTeX Font Info:    Overwriting symbol font `largesymbols' in version `normal'
(Font)                  OMX/txex/m/n --> OMX/cmex/m/n on input line 73.
LaTeX Font Info:    Overwriting symbol font `largesymbols' in version `bold'
(Font)                  OMX/txex/bx/n --> OMX/cmex/m/n on input line 73.
 (./log.aux)
\openout1 = `log.aux'.

LaTeX Font Info:    Checking defaults for OML/txmi/m/it on input line 253.
LaTeX Font Info:    Try loading font information for OML+txmi on input line 253
.

(/usr/share/texlive/texmf-dist/tex/latex/txfonts/omltxmi.fd
File: omltxmi.fd 2000/12/15 v3.1
)
LaTeX Font Info:    ... okay on input line 253.
LaTeX Font Info:    Checking defaults for T1/cmr/m/n on input line 253.
LaTeX Font Info:    ... okay on input line 253.
LaTeX Font Info:    Checking defaults for OT1/cmr/m/n on input line 253.
LaTeX Font Info:    ... okay on input line 253.
LaTeX Font Info:    Checking defaults for OMS/txsy/m/n on input line 253.
LaTeX Font Info:    Try loading font information for OMS+txsy on input line 253
.

(/usr/share/texlive/texmf-dist/tex/latex/txfonts/omstxsy.fd
File: omstxsy.fd 2000/12/15 v3.1
)
LaTeX Font Info:    ... okay on input line 253.
LaTeX Font Info:    Checking defaults for OMX/txex/m/n on input line 253.
LaTeX Font Info:    Try loading font information for OMX+txex on input line 253
.

(/usr/share/texlive/texmf-dist/tex/latex/txfonts/omxtxex.fd
File: omxtxex.fd 2000/12/15 v3.1
)
LaTeX Font Info:    ... okay on input line 253.
LaTeX Font Info:    Checking defaults for U/txexa/m/n on input line 253.
LaTeX Font Info:    Try loading font information for U+txexa on input line 253.


(/usr/share/texlive/texmf-dist/tex/latex/txfonts/utxexa.fd
File: utxexa.fd 2000/12/15 v3.1
)
LaTeX Font Info:    ... okay on input line 253.
LaTeX Font Info:    Try loading font information for OT1+txr on input line 253.


(/usr/share/texlive/texmf-dist/tex/latex/txfonts/ot1txr.fd
File: ot1txr.fd 2000/12/15 v3.1
)
*geometry* driver: auto-detecting
*geometry* detected driver: pdftex
*geometry* verbose mode - [ preamble ] result:
* driver: pdftex
* paper: a4paper
* layout: <same size as paper>
* layoutoffset:(h,v)=(0.0pt,0.0pt)
* modes: 
* h-part:(L,W,R)=(71.13188pt, 455.24411pt, 71.13188pt)
* v-part:(T,H,B)=(28.45274pt, 759.6886pt, 56.9055pt)
* \paperwidth=597.50787pt
* \paperheight=845.04684pt
* \textwidth=455.24411pt
* \textheight=759.6886pt
* \oddsidemargin=-1.1381pt
* \evensidemargin=-1.1381pt
* \topmargin=-80.81725pt
* \headheight=12.0pt
* \headsep=25.0pt
* \topskip=12.0pt
* \footskip=30.0pt
* \marginparwidth=35.0pt
* \marginparsep=10.0pt
* \columnsep=10.0pt
* \skip\footins=10.8pt plus 4.0pt minus 2.0pt
* \hoffset=0.0pt
* \voffset=0.0pt
* \mag=1000
* \@twocolumnfalse
* \@twosidefalse
* \@mparswitchfalse
* \@reversemarginfalse
* (1in=72.27pt=25.4mm, 1cm=28.453pt)

(/usr/share/texlive/texmf-dist/tex/context/base/supp-pdf.mkii
[Loading MPS to PDF converter (version 2006.09.02).]
\scratchcounter=\count103
\scratchdimen=\dimen122
\scratchbox=\box28
\nofMPsegments=\count104
\nofMParguments=\count105
\everyMPshowfont=\toks22
\MPscratchCnt=\count106
\MPscratchDim=\dimen123
\MPnumerator=\count107
\makeMPintoPDFobject=\count108
\everyMPtoPDFconversion=\toks23
) (/usr/share/texlive/texmf-dist/tex/generic/oberdiek/pdftexcmds.sty
Package: pdftexcmds 2011/11/29 v0.20 Utility functions of pdfTeX for LuaTeX (HO
)

(/usr/share/texlive/texmf-dist/tex/generic/oberdiek/ifluatex.sty
Package: ifluatex 2010/03/01 v1.3 Provides the ifluatex switch (HO)
Package ifluatex Info: LuaTeX not detected.
)
Package pdftexcmds Info: LuaTeX not detected.
Package pdftexcmds Info: \pdf@primitive is available.
Package pdftexcmds Info: \pdf@ifprimitive is available.
Package pdftexcmds Info: \pdfdraftmode found.
)
(/usr/share/texlive/texmf-dist/tex/latex/oberdiek/epstopdf-base.sty
Package: epstopdf-base 2010/02/09 v2.5 Base part for package epstopdf

(/usr/share/texlive/texmf-dist/tex/latex/oberdiek/grfext.sty
Package: grfext 2010/08/19 v1.1 Manage graphics extensions (HO)

(/usr/share/texlive/texmf-dist/tex/generic/oberdiek/kvdefinekeys.sty
Package: kvdefinekeys 2011/04/07 v1.3 Define keys (HO)
))
(/usr/share/texlive/texmf-dist/tex/latex/oberdiek/kvoptions.sty
Package: kvoptions 2011/06/30 v3.11 Key value format for package options (HO)

(/usr/share/texlive/texmf-dist/tex/generic/oberdiek/kvsetkeys.sty
Package: kvsetkeys 2012/04/25 v1.16 Key value parser (HO)

(/usr/share/texlive/texmf-dist/tex/generic/oberdiek/etexcmds.sty
Package: etexcmds 2011/02/16 v1.5 Avoid name clashes with e-TeX commands (HO)
Package etexcmds Info: Could not find \expanded.
(etexcmds)             That can mean that you are not using pdfTeX 1.50 or
(etexcmds)             that some package has redefined \expanded.
(etexcmds)             In the latter case, load this package earlier.
)))
Package grfext Info: Graphics extension search list:
(grfext)             [.png,.pdf,.jpg,.mps,.jpeg,.jbig2,.jb2,.PNG,.PDF,.JPG,.JPE
G,.JBIG2,.JB2,.eps]
(grfext)             \AppendGraphicsExtensions on input line 452.

(/usr/share/texlive/texmf-dist/tex/latex/latexconfig/epstopdf-sys.cfg
File: epstopdf-sys.cfg 2010/07/13 v1.3 Configuration of (r)epstopdf for TeX Liv
e
))
LaTeX Font Info:    Try loading font information for U+txsya on input line 257.


(/usr/share/texlive/texmf-dist/tex/latex/txfonts/utxsya.fd
File: utxsya.fd 2000/12/15 v3.1
)
LaTeX Font Info:    Try loading font information for U+txsyb on input line 257.


(/usr/share/texlive/texmf-dist/tex/latex/txfonts/utxsyb.fd
File: utxsyb.fd 2000/12/15 v3.1
)
LaTeX Font Info:    Try loading font information for U+rsfs on input line 257.

(/usr/share/texlive/texmf-dist/tex/latex/jknapltx/ursfs.fd
File: ursfs.fd 1998/03/24 rsfs font definition file (jk)
)
LaTeX Font Info:    Try loading font information for U+txmia on input line 257.


(/usr/share/texlive/texmf-dist/tex/latex/txfonts/utxmia.fd
File: utxmia.fd 2000/12/15 v3.1
)
LaTeX Font Info:    Try loading font information for U+txsyc on input line 257.


(/usr/share/texlive/texmf-dist/tex/latex/txfonts/utxsyc.fd
File: utxsyc.fd 2000/12/15 v3.1
)

LaTeX Warning: No \author given.

(./doublon.tex (./log.toc)
\tf@toc=\write4
\openout4 = `log.toc'.


Overfull \hbox (117.1552pt too wide) in paragraph at lines 26--27
\OT1/txr/m/n/12 nonequi-lib-rium dy-nam-i-cal mean field the-ory (DMFT) [[]]
 []


Overfull \hbox (19.33122pt too wide) in paragraph at lines 26--27
\OT1/txr/m/n/12 (IPT)) [[], []].
 []


Overfull \hbox (13.85736pt too wide) in paragraph at lines 26--27
\OT1/txr/m/n/12 We con-sider an 2D square lat-tice with dis-per-sion law $\OML/
txmi/m/it/12 "\OT1/txr/m/n/12 (\OT1/txr/bx/n/12 k\OML/txmi/m/it/12 ; t\OT1/txr/
m/n/12 ) = 2\OML/txmi/m/it/12 t []$
 []

[1

{/var/lib/texmf/fonts/map/pdftex/updmap/pdftex.map}]
Package epstopdf Info: Source file: <./figure/Pulse_21.eps>
(epstopdf)                    date: 2019-05-02 11:23:07
(epstopdf)                    size: 39194 bytes
(epstopdf)             Output file: <./figure/Pulse_21-eps-converted-to.pdf>
(epstopdf)                    date: 2019-05-06 10:19:10
(epstopdf)                    size: 14258 bytes
(epstopdf)             Command: <repstopdf --outfile=./figure/Pulse_21-eps-conv
erted-to.pdf ./figure/Pulse_21.eps>
(epstopdf)             \includegraphics on input line 37.
Package epstopdf Info: Output file is already uptodate.


pdfTeX warning: pdflatex (file ./figure/Pulse_21-eps-converted-to.pdf): PDF inc
lusion: found PDF version <1.7>, but at most version <1.5> allowed
<./figure/Pulse_21-eps-converted-to.pdf, id=14, 433.62pt x 289.08pt>
File: ./figure/Pulse_21-eps-converted-to.pdf Graphic file (type pdf)

<use ./figure/Pulse_21-eps-converted-to.pdf>
Package pdftex.def Info: ./figure/Pulse_21-eps-converted-to.pdf used on input l
ine 37.
(pdftex.def)             Requested size: 227.62206pt x 151.74721pt.
Package epstopdf Info: Source file: <./figure/Pulse_10.eps>
(epstopdf)                    date: 2019-05-02 11:22:22
(epstopdf)                    size: 39213 bytes
(epstopdf)             Output file: <./figure/Pulse_10-eps-converted-to.pdf>
(epstopdf)                    date: 2019-06-10 15:16:18
(epstopdf)                    size: 14641 bytes
(epstopdf)             Command: <repstopdf --outfile=./figure/Pulse_10-eps-conv
erted-to.pdf ./figure/Pulse_10.eps>
(epstopdf)             \includegraphics on input line 41.
Package epstopdf Info: Output file is already uptodate.


pdfTeX warning: pdflatex (file ./figure/Pulse_10-eps-converted-to.pdf): PDF inc
lusion: found PDF version <1.7>, but at most version <1.5> allowed
<./figure/Pulse_10-eps-converted-to.pdf, id=15, 433.62pt x 289.08pt>
File: ./figure/Pulse_10-eps-converted-to.pdf Graphic file (type pdf)

<use ./figure/Pulse_10-eps-converted-to.pdf>
Package pdftex.def Info: ./figure/Pulse_10-eps-converted-to.pdf used on input l
ine 41.
(pdftex.def)             Requested size: 227.62206pt x 151.74721pt.

Overfull \hbox (2.28pt too wide) in paragraph at lines 36--43
[]$[]$  $[]$ 
 []

Package epstopdf Info: Source file: <./figure/docc_time_w21.eps>
(epstopdf)                    date: 2019-05-02 11:48:13
(epstopdf)                    size: 68631 bytes
(epstopdf)             Output file: <./figure/docc_time_w21-eps-converted-to.pd
f>
(epstopdf)                    date: 2019-05-06 10:19:10
(epstopdf)                    size: 31393 bytes
(epstopdf)             Command: <repstopdf --outfile=./figure/docc_time_w21-eps
-converted-to.pdf ./figure/docc_time_w21.eps>
(epstopdf)             \includegraphics on input line 53.
Package epstopdf Info: Output file is already uptodate.


pdfTeX warning: pdflatex (file ./figure/docc_time_w21-eps-converted-to.pdf): PD
F inclusion: found PDF version <1.7>, but at most version <1.5> allowed
<./figure/docc_time_w21-eps-converted-to.pdf, id=16, 433.62pt x 289.08pt>
File: ./figure/docc_time_w21-eps-converted-to.pdf Graphic file (type pdf)

<use ./figure/docc_time_w21-eps-converted-to.pdf>
Package pdftex.def Info: ./figure/docc_time_w21-eps-converted-to.pdf used on in
put line 53.
(pdftex.def)             Requested size: 227.62206pt x 151.74721pt.
Package epstopdf Info: Source file: <./figure/docc_time_w10.eps>
(epstopdf)                    date: 2019-05-02 11:48:17
(epstopdf)                    size: 68707 bytes
(epstopdf)             Output file: <./figure/docc_time_w10-eps-converted-to.pd
f>
(epstopdf)                    date: 2019-05-06 10:28:19
(epstopdf)                    size: 31466 bytes
(epstopdf)             Command: <repstopdf --outfile=./figure/docc_time_w10-eps
-converted-to.pdf ./figure/docc_time_w10.eps>
(epstopdf)             \includegraphics on input line 57.
Package epstopdf Info: Output file is already uptodate.


pdfTeX warning: pdflatex (file ./figure/docc_time_w10-eps-converted-to.pdf): PD
F inclusion: found PDF version <1.7>, but at most version <1.5> allowed
<./figure/docc_time_w10-eps-converted-to.pdf, id=17, 433.62pt x 289.08pt>
File: ./figure/docc_time_w10-eps-converted-to.pdf Graphic file (type pdf)

<use ./figure/docc_time_w10-eps-converted-to.pdf>
Package pdftex.def Info: ./figure/docc_time_w10-eps-converted-to.pdf used on in
put line 57.
(pdftex.def)             Requested size: 227.62206pt x 151.74721pt.

Overfull \hbox (2.28pt too wide) in paragraph at lines 52--59
[]$[]$  $[]$ 
 []

Package epstopdf Info: Source file: <./figure/Etot_time_w21.eps>
(epstopdf)                    date: 2019-05-02 11:52:17
(epstopdf)                    size: 72189 bytes
(epstopdf)             Output file: <./figure/Etot_time_w21-eps-converted-to.pd
f>
(epstopdf)                    date: 2019-05-06 10:28:19
(epstopdf)                    size: 32500 bytes
(epstopdf)             Command: <repstopdf --outfile=./figure/Etot_time_w21-eps
-converted-to.pdf ./figure/Etot_time_w21.eps>
(epstopdf)             \includegraphics on input line 69.
Package epstopdf Info: Output file is already uptodate.


pdfTeX warning: pdflatex (file ./figure/Etot_time_w21-eps-converted-to.pdf): PD
F inclusion: found PDF version <1.7>, but at most version <1.5> allowed
<./figure/Etot_time_w21-eps-converted-to.pdf, id=18, 433.62pt x 289.08pt>
File: ./figure/Etot_time_w21-eps-converted-to.pdf Graphic file (type pdf)

<use ./figure/Etot_time_w21-eps-converted-to.pdf>
Package pdftex.def Info: ./figure/Etot_time_w21-eps-converted-to.pdf used on in
put line 69.
(pdftex.def)             Requested size: 227.62206pt x 151.74721pt.
Package epstopdf Info: Source file: <./figure/Etot_time_w10.eps>
(epstopdf)                    date: 2019-05-02 11:52:22
(epstopdf)                    size: 69888 bytes
(epstopdf)             Output file: <./figure/Etot_time_w10-eps-converted-to.pd
f>
(epstopdf)                    date: 2019-05-06 10:28:19
(epstopdf)                    size: 32490 bytes
(epstopdf)             Command: <repstopdf --outfile=./figure/Etot_time_w10-eps
-converted-to.pdf ./figure/Etot_time_w10.eps>
(epstopdf)             \includegraphics on input line 73.
Package epstopdf Info: Output file is already uptodate.


pdfTeX warning: pdflatex (file ./figure/Etot_time_w10-eps-converted-to.pdf): PD
F inclusion: found PDF version <1.7>, but at most version <1.5> allowed
<./figure/Etot_time_w10-eps-converted-to.pdf, id=19, 433.62pt x 289.08pt>
File: ./figure/Etot_time_w10-eps-converted-to.pdf Graphic file (type pdf)

<use ./figure/Etot_time_w10-eps-converted-to.pdf>
Package pdftex.def Info: ./figure/Etot_time_w10-eps-converted-to.pdf used on in
put line 73.
(pdftex.def)             Requested size: 227.62206pt x 151.74721pt.

Overfull \hbox (2.28pt too wide) in paragraph at lines 68--75
[]$[]$  $[]$ 
 []


LaTeX Warning: `!h' float specifier changed to `!ht'.

Package epstopdf Info: Source file: <./figure/DOS_21.eps>
(epstopdf)                    date: 2019-05-06 10:35:14
(epstopdf)                    size: 112538 bytes
(epstopdf)             Output file: <./figure/DOS_21-eps-converted-to.pdf>
(epstopdf)                    date: 2019-05-06 10:36:06
(epstopdf)                    size: 67812 bytes
(epstopdf)             Command: <repstopdf --outfile=./figure/DOS_21-eps-conver
ted-to.pdf ./figure/DOS_21.eps>
(epstopdf)             \includegraphics on input line 84.
Package epstopdf Info: Output file is already uptodate.


pdfTeX warning: pdflatex (file ./figure/DOS_21-eps-converted-to.pdf): PDF inclu
sion: found PDF version <1.7>, but at most version <1.5> allowed
<./figure/DOS_21-eps-converted-to.pdf, id=20, 433.62pt x 289.08pt>
File: ./figure/DOS_21-eps-converted-to.pdf Graphic file (type pdf)

<use ./figure/DOS_21-eps-converted-to.pdf>
Package pdftex.def Info: ./figure/DOS_21-eps-converted-to.pdf used on input lin
e 84.
(pdftex.def)             Requested size: 227.62206pt x 151.74721pt.
Package epstopdf Info: Source file: <./figure/DOS_10.eps>
(epstopdf)                    date: 2019-05-06 10:35:19
(epstopdf)                    size: 112066 bytes
(epstopdf)             Output file: <./figure/DOS_10-eps-converted-to.pdf>
(epstopdf)                    date: 2019-05-06 10:36:06
(epstopdf)                    size: 67117 bytes
(epstopdf)             Command: <repstopdf --outfile=./figure/DOS_10-eps-conver
ted-to.pdf ./figure/DOS_10.eps>
(epstopdf)             \includegraphics on input line 88.
Package epstopdf Info: Output file is already uptodate.


pdfTeX warning: pdflatex (file ./figure/DOS_10-eps-converted-to.pdf): PDF inclu
sion: found PDF version <1.7>, but at most version <1.5> allowed
<./figure/DOS_10-eps-converted-to.pdf, id=21, 433.62pt x 289.08pt>
File: ./figure/DOS_10-eps-converted-to.pdf Graphic file (type pdf)

<use ./figure/DOS_10-eps-converted-to.pdf>
Package pdftex.def Info: ./figure/DOS_10-eps-converted-to.pdf used on input lin
e 88.
(pdftex.def)             Requested size: 227.62206pt x 151.74721pt.

Overfull \hbox (2.28pt too wide) in paragraph at lines 83--90
[]$[]$  $[]$ 
 []


LaTeX Warning: `!h' float specifier changed to `!ht'.

Package epstopdf Info: Source file: <./figure/DOS_21_small.eps>
(epstopdf)                    date: 2019-05-02 13:16:46
(epstopdf)                    size: 62359 bytes
(epstopdf)             Output file: <./figure/DOS_21_small-eps-converted-to.pdf
>
(epstopdf)                    date: 2019-05-06 10:19:10
(epstopdf)                    size: 34176 bytes
(epstopdf)             Command: <repstopdf --outfile=./figure/DOS_21_small-eps-
converted-to.pdf ./figure/DOS_21_small.eps>
(epstopdf)             \includegraphics on input line 98.
Package epstopdf Info: Output file is already uptodate.


pdfTeX warning: pdflatex (file ./figure/DOS_21_small-eps-converted-to.pdf): PDF
 inclusion: found PDF version <1.7>, but at most version <1.5> allowed
<./figure/DOS_21_small-eps-converted-to.pdf, id=22, 433.62pt x 289.08pt>
File: ./figure/DOS_21_small-eps-converted-to.pdf Graphic file (type pdf)

<use ./figure/DOS_21_small-eps-converted-to.pdf>
Package pdftex.def Info: ./figure/DOS_21_small-eps-converted-to.pdf used on inp
ut line 98.
(pdftex.def)             Requested size: 227.62206pt x 151.74721pt.
Package epstopdf Info: Source file: <./figure/DOS_10_small.eps>
(epstopdf)                    date: 2019-05-02 13:16:44
(epstopdf)                    size: 62100 bytes
(epstopdf)             Output file: <./figure/DOS_10_small-eps-converted-to.pdf
>
(epstopdf)                    date: 2019-05-06 10:28:18
(epstopdf)                    size: 34025 bytes
(epstopdf)             Command: <repstopdf --outfile=./figure/DOS_10_small-eps-
converted-to.pdf ./figure/DOS_10_small.eps>
(epstopdf)             \includegraphics on input line 102.
Package epstopdf Info: Output file is already uptodate.


pdfTeX warning: pdflatex (file ./figure/DOS_10_small-eps-converted-to.pdf): PDF
 inclusion: found PDF version <1.7>, but at most version <1.5> allowed
<./figure/DOS_10_small-eps-converted-to.pdf, id=23, 433.62pt x 289.08pt>
File: ./figure/DOS_10_small-eps-converted-to.pdf Graphic file (type pdf)

<use ./figure/DOS_10_small-eps-converted-to.pdf>
Package pdftex.def Info: ./figure/DOS_10_small-eps-converted-to.pdf used on inp
ut line 102.
(pdftex.def)             Requested size: 227.62206pt x 151.74721pt.

Overfull \hbox (2.28pt too wide) in paragraph at lines 97--104
[]$[]$  $[]$ 
 []


LaTeX Warning: `!h' float specifier changed to `!ht'.

Package epstopdf Info: Source file: <./figure/docc.eps>
(epstopdf)                    date: 2019-05-02 13:23:17
(epstopdf)                    size: 24428 bytes
(epstopdf)             Output file: <./figure/docc-eps-converted-to.pdf>
(epstopdf)                    date: 2019-05-06 10:12:09
(epstopdf)                    size: 10425 bytes
(epstopdf)             Command: <repstopdf --outfile=./figure/docc-eps-converte
d-to.pdf ./figure/docc.eps>
(epstopdf)             \includegraphics on input line 114.
Package epstopdf Info: Output file is already uptodate.


pdfTeX warning: pdflatex (file ./figure/docc-eps-converted-to.pdf): PDF inclusi
on: found PDF version <1.7>, but at most version <1.5> allowed
<./figure/docc-eps-converted-to.pdf, id=24, 433.62pt x 289.08pt>
File: ./figure/docc-eps-converted-to.pdf Graphic file (type pdf)

<use ./figure/docc-eps-converted-to.pdf>
Package pdftex.def Info: ./figure/docc-eps-converted-to.pdf used on input line 
114.
(pdftex.def)             Requested size: 227.62206pt x 151.74721pt.
Package epstopdf Info: Source file: <./figure/E_tot.eps>
(epstopdf)                    date: 2019-05-02 13:23:25
(epstopdf)                    size: 24187 bytes
(epstopdf)             Output file: <./figure/E_tot-eps-converted-to.pdf>
(epstopdf)                    date: 2019-05-06 10:28:18
(epstopdf)                    size: 10432 bytes
(epstopdf)             Command: <repstopdf --outfile=./figure/E_tot-eps-convert
ed-to.pdf ./figure/E_tot.eps>
(epstopdf)             \includegraphics on input line 118.
Package epstopdf Info: Output file is already uptodate.


pdfTeX warning: pdflatex (file ./figure/E_tot-eps-converted-to.pdf): PDF inclus
ion: found PDF version <1.7>, but at most version <1.5> allowed
<./figure/E_tot-eps-converted-to.pdf, id=25, 433.62pt x 289.08pt>
File: ./figure/E_tot-eps-converted-to.pdf Graphic file (type pdf)

<use ./figure/E_tot-eps-converted-to.pdf>
Package pdftex.def Info: ./figure/E_tot-eps-converted-to.pdf used on input line
 118.
(pdftex.def)             Requested size: 227.62206pt x 151.74721pt.

Overfull \hbox (2.28pt too wide) in paragraph at lines 113--120
[]$[]$  $[]$ 
 []


LaTeX Warning: `!h' float specifier changed to `!ht'.

Package epstopdf Info: Source file: <./figure/omega.eps>
(epstopdf)                    date: 2019-05-02 13:22:51
(epstopdf)                    size: 24045 bytes
(epstopdf)             Output file: <./figure/omega-eps-converted-to.pdf>
(epstopdf)                    date: 2019-05-06 10:14:43
(epstopdf)                    size: 10092 bytes
(epstopdf)             Command: <repstopdf --outfile=./figure/omega-eps-convert
ed-to.pdf ./figure/omega.eps>
(epstopdf)             \includegraphics on input line 131.
Package epstopdf Info: Output file is already uptodate.


pdfTeX warning: pdflatex (file ./figure/omega-eps-converted-to.pdf): PDF inclus
ion: found PDF version <1.7>, but at most version <1.5> allowed
<./figure/omega-eps-converted-to.pdf, id=26, 433.62pt x 289.08pt>
File: ./figure/omega-eps-converted-to.pdf Graphic file (type pdf)

<use ./figure/omega-eps-converted-to.pdf>
Package pdftex.def Info: ./figure/omega-eps-converted-to.pdf used on input line
 131.
(pdftex.def)             Requested size: 227.62206pt x 151.74721pt.
Package epstopdf Info: Source file: <./figure/DOS_max.eps>
(epstopdf)                    date: 2019-05-02 11:35:05
(epstopdf)                    size: 24135 bytes
(epstopdf)             Output file: <./figure/DOS_max-eps-converted-to.pdf>
(epstopdf)                    date: 2019-05-06 10:28:18
(epstopdf)                    size: 10795 bytes
(epstopdf)             Command: <repstopdf --outfile=./figure/DOS_max-eps-conve
rted-to.pdf ./figure/DOS_max.eps>
(epstopdf)             \includegraphics on input line 135.
Package epstopdf Info: Output file is already uptodate.


pdfTeX warning: pdflatex (file ./figure/DOS_max-eps-converted-to.pdf): PDF incl
usion: found PDF version <1.7>, but at most version <1.5> allowed
<./figure/DOS_max-eps-converted-to.pdf, id=27, 433.62pt x 289.08pt>
File: ./figure/DOS_max-eps-converted-to.pdf Graphic file (type pdf)

<use ./figure/DOS_max-eps-converted-to.pdf>
Package pdftex.def Info: ./figure/DOS_max-eps-converted-to.pdf used on input li
ne 135.
(pdftex.def)             Requested size: 227.62206pt x 151.74721pt.

Overfull \hbox (2.28pt too wide) in paragraph at lines 130--137
[]$[]$  $[]$ 
 []


LaTeX Warning: `!h' float specifier changed to `!ht'.

[2 <./figure/Pulse_21-eps-converted-to.pdf> <./figure/Pulse_10-eps-converted-to
.pdf> <./figure/docc_time_w21-eps-converted-to.pdf> <./figure/docc_time_w10-eps
-converted-to.pdf>] [3 <./figure/Etot_time_w21-eps-converted-to.pdf> <./figure/
Etot_time_w10-eps-converted-to.pdf> <./figure/DOS_21-eps-converted-to.pdf> <./f
igure/DOS_10-eps-converted-to.pdf> <./figure/DOS_21_small-eps-converted-to.pdf>
 <./figure/DOS_10_small-eps-converted-to.pdf>] [4 <./figure/docc-eps-converted-
to.pdf> <./figure/E_tot-eps-converted-to.pdf> <./figure/omega-eps-converted-to.
pdf> <./figure/DOS_max-eps-converted-to.pdf>]
Package epstopdf Info: Source file: <./figure/chi_pp_loc.eps>
(epstopdf)                    date: 2019-05-23 15:52:44
(epstopdf)                    size: 88037 bytes
(epstopdf)             Output file: <./figure/chi_pp_loc-eps-converted-to.pdf>
(epstopdf)                    date: 2019-06-10 15:40:11
(epstopdf)                    size: 47512 bytes
(epstopdf)             Command: <repstopdf --outfile=./figure/chi_pp_loc-eps-co
nverted-to.pdf ./figure/chi_pp_loc.eps>
(epstopdf)             \includegraphics on input line 152.
Package epstopdf Info: Output file is already uptodate.


pdfTeX warning: pdflatex (file ./figure/chi_pp_loc-eps-converted-to.pdf): PDF i
nclusion: found PDF version <1.7>, but at most version <1.5> allowed
<./figure/chi_pp_loc-eps-converted-to.pdf, id=123, 433.62pt x 289.08pt>
File: ./figure/chi_pp_loc-eps-converted-to.pdf Graphic file (type pdf)

<use ./figure/chi_pp_loc-eps-converted-to.pdf>
Package pdftex.def Info: ./figure/chi_pp_loc-eps-converted-to.pdf used on input
 line 152.
(pdftex.def)             Requested size: 227.62206pt x 151.74721pt.
Package epstopdf Info: Source file: <./figure/chi_ch_loc.eps>
(epstopdf)                    date: 2019-05-23 16:15:01
(epstopdf)                    size: 88741 bytes
(epstopdf)             Output file: <./figure/chi_ch_loc-eps-converted-to.pdf>
(epstopdf)                    date: 2019-06-10 15:40:12
(epstopdf)                    size: 45822 bytes
(epstopdf)             Command: <repstopdf --outfile=./figure/chi_ch_loc-eps-co
nverted-to.pdf ./figure/chi_ch_loc.eps>
(epstopdf)             \includegraphics on input line 156.
Package epstopdf Info: Output file is already uptodate.


pdfTeX warning: pdflatex (file ./figure/chi_ch_loc-eps-converted-to.pdf): PDF i
nclusion: found PDF version <1.7>, but at most version <1.5> allowed
<./figure/chi_ch_loc-eps-converted-to.pdf, id=124, 433.62pt x 289.08pt>
File: ./figure/chi_ch_loc-eps-converted-to.pdf Graphic file (type pdf)

<use ./figure/chi_ch_loc-eps-converted-to.pdf>
Package pdftex.def Info: ./figure/chi_ch_loc-eps-converted-to.pdf used on input
 line 156.
(pdftex.def)             Requested size: 227.62206pt x 151.74721pt.

Overfull \hbox (2.28pt too wide) in paragraph at lines 151--158
[]$[]$  $[]$ 
 []

<./figure/Apic_band_pp_1275_n_05_Ax_2157.png, id=125, 815.045pt x 544.0325pt>
File: ./figure/Apic_band_pp_1275_n_05_Ax_2157.png Graphic file (type png)

<use ./figure/Apic_band_pp_1275_n_05_Ax_2157.png>
Package pdftex.def Info: ./figure/Apic_band_pp_1275_n_05_Ax_2157.png used on in
put line 166.
(pdftex.def)             Requested size: 227.62206pt x 151.9296pt.

<./figure/Apic_band_pp_1275_n_05_Ax_2333.png, id=126, 816.04875pt x 543.02875pt
>
File: ./figure/Apic_band_pp_1275_n_05_Ax_2333.png Graphic file (type png)
 <use ./figure/Apic_band_pp_1275_n_05_Ax_2333.png>
Package pdftex.def Info: ./figure/Apic_band_pp_1275_n_05_Ax_2333.png used on in
put line 170.
(pdftex.def)             Requested size: 227.62206pt x 151.46698pt.

<./figure/Apic_band_pp_1275_n_1_Ax_2157.png, id=127, 815.045pt x 544.0325pt>
File: ./figure/Apic_band_pp_1275_n_1_Ax_2157.png Graphic file (type png)

<use ./figure/Apic_band_pp_1275_n_1_Ax_2157.png>
Package pdftex.def Info: ./figure/Apic_band_pp_1275_n_1_Ax_2157.png used on inp
ut line 173.
(pdftex.def)             Requested size: 227.62206pt x 151.9296pt.

<./figure/Apic_band_pp_1275_n_1_Ax_2333.png, id=128, 815.045pt x 544.0325pt>
File: ./figure/Apic_band_pp_1275_n_1_Ax_2333.png Graphic file (type png)

<use ./figure/Apic_band_pp_1275_n_1_Ax_2333.png>
Package pdftex.def Info: ./figure/Apic_band_pp_1275_n_1_Ax_2333.png used on inp
ut line 177.
(pdftex.def)             Requested size: 227.62206pt x 151.9296pt.

Overfull \hbox (2.28pt too wide) in paragraph at lines 165--179
[]$[]$  $[]$
 []


Overfull \hbox (2.28pt too wide) in paragraph at lines 165--179
[]$  $[]$ 
 []

File: ./figure/Apic_band_pp_1275_n_05_Ax_2157.png Graphic file (type png)
<use ./figure/Apic_band_pp_1275_n_05_Ax_2157.png>
Package pdftex.def Info: ./figure/Apic_band_pp_1275_n_05_Ax_2157.png used on in
put line 191.
(pdftex.def)             Requested size: 227.62206pt x 151.9296pt.

<./figure/Apic_band_ch_1275_n_05_Ax_2157.png, id=129, 816.04875pt x 545.03625pt
>
File: ./figure/Apic_band_ch_1275_n_05_Ax_2157.png Graphic file (type png)
 <use ./figure/Apic_band_ch_1275_n_05_Ax_2157.png>
Package pdftex.def Info: ./figure/Apic_band_ch_1275_n_05_Ax_2157.png used on in
put line 195.
(pdftex.def)             Requested size: 227.62206pt x 152.02695pt.

<./figure/Apic_band_pp_1275_n_0875_Ax_2157.png, id=130, 816.04875pt x 545.03625
pt>
File: ./figure/Apic_band_pp_1275_n_0875_Ax_2157.png Graphic file (type png)
 <use ./figure/Apic_band_pp_1275_n_0875_Ax_2157.png>
Package pdftex.def Info: ./figure/Apic_band_pp_1275_n_0875_Ax_2157.png used on 
input line 198.
(pdftex.def)             Requested size: 227.62206pt x 152.02695pt.

<./figure/Apic_band_ch_1275_n_0875_Ax_2157.png, id=131, 816.04875pt x 543.02875
pt>
File: ./figure/Apic_band_ch_1275_n_0875_Ax_2157.png Graphic file (type png)
 <use ./figure/Apic_band_ch_1275_n_0875_Ax_2157.png>
Package pdftex.def Info: ./figure/Apic_band_ch_1275_n_0875_Ax_2157.png used on 
input line 202.
(pdftex.def)             Requested size: 227.62206pt x 151.46698pt.
File: ./figure/Apic_band_pp_1275_n_1_Ax_2157.png Graphic file (type png)

<use ./figure/Apic_band_pp_1275_n_1_Ax_2157.png>
Package pdftex.def Info: ./figure/Apic_band_pp_1275_n_1_Ax_2157.png used on inp
ut line 205.
(pdftex.def)             Requested size: 227.62206pt x 151.9296pt.

<./figure/Apic_band_ch_1275_n_1_Ax_2157.png, id=132, 815.045pt x 544.0325pt>
File: ./figure/Apic_band_ch_1275_n_1_Ax_2157.png Graphic file (type png)

<use ./figure/Apic_band_ch_1275_n_1_Ax_2157.png>
Package pdftex.def Info: ./figure/Apic_band_ch_1275_n_1_Ax_2157.png used on inp
ut line 209.
(pdftex.def)             Requested size: 227.62206pt x 151.9296pt.

Overfull \hbox (2.28pt too wide) in paragraph at lines 190--211
[]$[]$  $[]$
 []


Overfull \hbox (2.28pt too wide) in paragraph at lines 190--211
[]$  $[]$
 []


Overfull \hbox (2.28pt too wide) in paragraph at lines 190--211
[]$  $[]$ 
 []


LaTeX Warning: `!h' float specifier changed to `!ht'.

[5

 <./figure/chi_pp_loc-eps-converted-to.pdf> <./figure/chi_ch_loc-eps-converted-
to.pdf> <./figure/Apic_band_pp_1275_n_05_Ax_2157.png> <./figure/Apic_band_pp_12
75_n_05_Ax_2333.png> <./figure/Apic_band_pp_1275_n_1_Ax_2157.png> <./figure/Api
c_band_pp_1275_n_1_Ax_2333.png>]) [6 <./figure/Apic_band_ch_1275_n_05_Ax_2157.p
ng> <./figure/Apic_band_pp_1275_n_0875_Ax_2157.png> <./figure/Apic_band_ch_1275
_n_0875_Ax_2157.png> <./figure/Apic_band_ch_1275_n_1_Ax_2157.png>] (./log.bbl
LaTeX Font Info:    Try loading font information for OT1+txtt on input line 14.

(/usr/share/texlive/texmf-dist/tex/latex/txfonts/ot1txtt.fd
File: ot1txtt.fd 2000/12/15 v3.1
)
Underfull \hbox (badness 10000) in paragraph at lines 17--22
[]\OT1/txr/m/n/12 M. Eck-stein and P. Werner.  Damp-ing of
 []


Underfull \hbox (badness 10000) in paragraph at lines 17--22
\OT1/txr/m/n/12 bloch os-cil-la-tions in the hub-bard model.  \OT1/txr/m/it/12 
Phys. Rev. Lett.\OT1/txr/m/n/12 , 107:
 []


Underfull \hbox (badness 10000) in paragraph at lines 17--22
\OT1/txr/m/n/12 186406, Oct 2011.  doi: 10.1103/Phys-RevLett.107.186406.  URL
 []


Underfull \hbox (badness 10000) in paragraph at lines 25--31
[]\OT1/txr/m/n/12 A. Georges, G. Kotliar,
 []


Underfull \hbox (badness 4060) in paragraph at lines 25--31
\OT1/txr/m/n/12 W. Krauth, and M. J. Rozen-berg.  Dy-nam-i-cal mean-field the-o
ry of strongly
 []


Underfull \hbox (badness 4621) in paragraph at lines 25--31
\OT1/txr/m/n/12 cor-re-lated fermion sys-tems and the limit of in-fi-nite di-me
n-sions.  \OT1/txr/m/it/12 Rev. Mod.
 []


Underfull \hbox (badness 10000) in paragraph at lines 25--31
\OT1/txr/m/it/12 Phys.\OT1/txr/m/n/12 , 68:13--125, Jan 1996.  doi: 10.1103/Rev
Mod-Phys.68.13.  URL
 []

) [7

] (./log.aux) ) 
Here is how much of TeX's memory you used:
 3820 strings out of 493029
 53056 string characters out of 6136233
 112707 words of memory out of 5000000
 7203 multiletter control sequences out of 15000+600000
 41166 words of font info for 106 fonts, out of 8000000 for 9000
 1141 hyphenation exceptions out of 8191
 38i,19n,26p,1198b,321s stack positions out of 5000i,500n,10000p,200000b,80000s
{/usr/share/texlive/texmf-dist/fonts/enc/dvips/base/8r.enc}</usr
/share/texlive/texmf-dist/fonts/type1/public/amsfonts/cm/cmex10.pfb></usr/share
/texlive/texmf-dist/fonts/type1/public/amsfonts/cm/cmsy10.pfb></usr/share/texli
ve/texmf-dist/fonts/type1/public/amsfonts/cm/cmsy8.pfb></usr/share/texlive/texm
f-dist/fonts/type1/public/txfonts/rtxmi.pfb></usr/share/texlive/texmf-dist/font
s/type1/public/txfonts/rtxr.pfb></usr/share/texlive/texmf-dist/fonts/type1/publ
ic/txfonts/txtt.pfb></usr/share/texlive/texmf-dist/fonts/type1/urw/times/utmb8a
.pfb></usr/share/texlive/texmf-dist/fonts/type1/urw/times/utmr8a.pfb></usr/shar
e/texlive/texmf-dist/fonts/type1/urw/times/utmri8a.pfb>
Output written on log.pdf (7 pages, 881221 bytes).
PDF statistics:
 194 PDF objects out of 1000 (max. 8388607)
 128 compressed objects within 2 object streams
 0 named destinations out of 1000 (max. 500000)
 121 words of extra memory for PDF output out of 10000 (max. 10000000)

